<?xml version="1.0" encoding="UTF-8"?>
<testsuites name="Datos_Internos" time="20.658" tests="1" failures="0" errors="0">
   <testsuite name="Datos_Internos" tests="1" failures="0" errors="0" time="20.658" skipped="0" timestamp="2023-05-26 17:29:54" hostname="ex366552 - host.docker.internal" id="Test Suites/Curso_De_Katalon/Datos_Internos">
      <properties>
         <property name="deviceName" value=""/>
         <property name="devicePlatform" value=""/>
         <property name="logFolder" value="C:\\Users\\ex366552\\Documents\\Katalon Studio\\CursoKatalon-master\\Reports\\20230526_172952\\Curso_De_Katalon\\Datos_Internos\\20230526_172952"/>
         <property name="logFiles" value="C:\\Users\\ex366552\\Documents\\Katalon Studio\\CursoKatalon-master\\Reports\\20230526_172952\\Curso_De_Katalon\\Datos_Internos\\20230526_172952\\execution0.log"/>
         <property name="attachments" value=""/>
         <property name="hostName" value="ex366552 - host.docker.internal"/>
         <property name="os" value="Windows 10 64bit"/>
         <property name="katalonVersion" value="8.6.0.208"/>
         <property name="browser" value="Chrome 113.0.0.0"/>
         <property name="hostAddress" value="192.168.18.12"/>
         <property name="sessionId" value="30df1881b215effb29ea8fe8fa33ac02"/>
         <property name="seleniumVersion" value="3.141.59"/>
         <property name="proxyInformation" value="ProxyInformation { proxyOption=NO_PROXY, proxyServerType=HTTP, username=, password=********, proxyServerAddress=, proxyServerPort=0, executionList=&quot;&quot;, isApplyToDesiredCapabilities=true }"/>
         <property name="platform" value="Windows 10"/>
      </properties>
      <testcase name="Test Cases/CursoKatalon/Variables_simples" time="0.083" classname="Test Cases/CursoKatalon/Variables_simples" status="PASSED">
         <system-out><![CDATA[2023-05-26 17:30:14 - [TEST_CASE][PASSED] - Test Cases/CursoKatalon/Variables_simples: null

2023-05-26 17:30:14 - [TEST_STEP][PASSED] - Start listener action : sampleAfterTestCase: null]]></system-out>
         <system-err><![CDATA[]]></system-err>
      </testcase>
      <system-out><![CDATA[2023-05-26 17:29:54 - [TEST_SUITE][INCOMPLETE] - Datos_Internos: null]]></system-out>
      <system-err><![CDATA[2023-05-26 17:29:54 - [TEST_SUITE][INCOMPLETE] - Datos_Internos: null]]></system-err>
   </testsuite>
</testsuites>
