<?xml version="1.0" encoding="UTF-8"?>
<testsuites name="DatosenCSV" time="65.708" tests="3" failures="0" errors="0">
   <testsuite name="DatosenCSV" tests="3" failures="0" errors="0" time="65.708" skipped="0" timestamp="2023-05-26 16:41:51" hostname="ex366552 - tejonloco45" id="Test Suites/Curso_De_Katalon/DatosenCSV">
      <properties>
         <property name="deviceName" value=""/>
         <property name="devicePlatform" value=""/>
         <property name="logFolder" value="C:\\Users\\ex366552\\Documents\\Katalon Studio\\CursoKatalon-master\\Reports\\20230526_164148\\Curso_De_Katalon\\DatosenCSV\\20230526_164149"/>
         <property name="logFiles" value="C:\\Users\\ex366552\\Documents\\Katalon Studio\\CursoKatalon-master\\Reports\\20230526_164148\\Curso_De_Katalon\\DatosenCSV\\20230526_164149\\execution0.log"/>
         <property name="attachments" value=""/>
         <property name="hostName" value="ex366552 - tejonloco45"/>
         <property name="os" value="Windows 10 64bit"/>
         <property name="katalonVersion" value="8.6.0.208"/>
         <property name="browser" value="Chrome 113.0.0.0"/>
         <property name="hostAddress" value="192.168.18.12"/>
         <property name="sessionId" value="984ac33f252e05984e5c27a1d7efae62"/>
         <property name="seleniumVersion" value="3.141.59"/>
         <property name="proxyInformation" value="ProxyInformation { proxyOption=NO_PROXY, proxyServerType=HTTP, username=, password=********, proxyServerAddress=, proxyServerPort=0, executionList=&quot;&quot;, isApplyToDesiredCapabilities=true }"/>
         <property name="platform" value="Windows 10"/>
      </properties>
      <testcase name="Test Cases/CursoKatalon/Variables_simples" time="23.336" classname="Test Cases/CursoKatalon/Variables_simples" status="PASSED">
         <system-out><![CDATA[2023-05-26 16:41:51 - [TEST_CASE][PASSED] - Test Cases/CursoKatalon/Variables_simples: Test Cases/CursoKatalon/Variables_simples

2023-05-26 16:41:52 - [TEST_STEP][PASSED] - openBrowser(""): Browser is opened with url: ''

2023-05-26 16:41:53 - [MESSAGE][INFO] - Starting 'Chrome' driver

2023-05-26 16:41:53 - [MESSAGE][INFO] - Action delay is set to 0 milliseconds

2023-05-26 16:42:00 - [MESSAGE][PASSED] - Browser is opened with url: ''

2023-05-26 16:42:00 - [TEST_STEP][PASSED] - maximizeWindow(): Current window maximized

2023-05-26 16:42:00 - [MESSAGE][PASSED] - Current window maximized

2023-05-26 16:42:00 - [TEST_STEP][PASSED] - navigateToUrl("https://demoqa.com/webtables"): Navigate to 'https://demoqa.com/webtables' successfully

2023-05-26 16:42:02 - [MESSAGE][PASSED] - Navigate to 'https://demoqa.com/webtables' successfully

2023-05-26 16:42:02 - [TEST_STEP][PASSED] - click(findTestObject("Object Repository/Variables_simples/Page_DEMOQA/button_Add")): Object: 'Object Repository/Variables_simples/Page_DEMOQA/button_Add' is clicked on

2023-05-26 16:42:03 - [MESSAGE][PASSED] - Object: 'Object Repository/Variables_simples/Page_DEMOQA/button_Add' is clicked on

2023-05-26 16:42:03 - [TEST_STEP][PASSED] - setText(findTestObject("Object Repository/Variables_simples/Page_DEMOQA/input_First Name_firstName"), Nombre): Text 'Juan' is set on object 'Object Repository/Variables_simples/Page_DEMOQA/input_First Name_firstName'

2023-05-26 16:42:04 - [MESSAGE][PASSED] - Text 'Juan' is set on object 'Object Repository/Variables_simples/Page_DEMOQA/input_First Name_firstName'

2023-05-26 16:42:04 - [TEST_STEP][PASSED] - setText(findTestObject("Object Repository/Variables_simples/Page_DEMOQA/input_Last Name_lastName"), Apellido): Text 'Canosa' is set on object 'Object Repository/Variables_simples/Page_DEMOQA/input_Last Name_lastName'

2023-05-26 16:42:05 - [MESSAGE][PASSED] - Text 'Canosa' is set on object 'Object Repository/Variables_simples/Page_DEMOQA/input_Last Name_lastName'

2023-05-26 16:42:05 - [TEST_STEP][PASSED] - setText(findTestObject("Object Repository/Variables_simples/Page_DEMOQA/input_Email_userEmail"), Email): Text 'juancanosa@gmail.com' is set on object 'Object Repository/Variables_simples/Page_DEMOQA/input_Email_userEmail'

2023-05-26 16:42:06 - [MESSAGE][PASSED] - Text 'juancanosa@gmail.com' is set on object 'Object Repository/Variables_simples/Page_DEMOQA/input_Email_userEmail'

2023-05-26 16:42:06 - [TEST_STEP][PASSED] - setText(findTestObject("Object Repository/Variables_simples/Page_DEMOQA/input_Age_age"), Edad): Text '61' is set on object 'Object Repository/Variables_simples/Page_DEMOQA/input_Age_age'

2023-05-26 16:42:07 - [MESSAGE][PASSED] - Text '61' is set on object 'Object Repository/Variables_simples/Page_DEMOQA/input_Age_age'

2023-05-26 16:42:07 - [TEST_STEP][PASSED] - setText(findTestObject("Object Repository/Variables_simples/Page_DEMOQA/input_Salary_salary"), Salario): Text '60000' is set on object 'Object Repository/Variables_simples/Page_DEMOQA/input_Salary_salary'

2023-05-26 16:42:07 - [MESSAGE][PASSED] - Text '60000' is set on object 'Object Repository/Variables_simples/Page_DEMOQA/input_Salary_salary'

2023-05-26 16:42:07 - [TEST_STEP][PASSED] - setText(findTestObject("Object Repository/Variables_simples/Page_DEMOQA/input_Department_department"), Departamento): Text 'gerente' is set on object 'Object Repository/Variables_simples/Page_DEMOQA/input_Department_department'

2023-05-26 16:42:08 - [MESSAGE][PASSED] - Text 'gerente' is set on object 'Object Repository/Variables_simples/Page_DEMOQA/input_Department_department'

2023-05-26 16:42:08 - [TEST_STEP][PASSED] - click(findTestObject("Object Repository/Variables_simples/Page_DEMOQA/button_Submit")): Object: 'Object Repository/Variables_simples/Page_DEMOQA/button_Submit' is clicked on

2023-05-26 16:42:09 - [MESSAGE][PASSED] - Object: 'Object Repository/Variables_simples/Page_DEMOQA/button_Submit' is clicked on

2023-05-26 16:42:09 - [TEST_STEP][PASSED] - setText(findTestObject("Object Repository/Variables_simples/Page_DEMOQA/input_Add_searchBox"), TextoaBuscar): Text 'Juan' is set on object 'Object Repository/Variables_simples/Page_DEMOQA/input_Add_searchBox'

2023-05-26 16:42:10 - [MESSAGE][PASSED] - Text 'Juan' is set on object 'Object Repository/Variables_simples/Page_DEMOQA/input_Add_searchBox'

2023-05-26 16:42:10 - [TEST_STEP][PASSED] - click(findTestObject("Object Repository/Variables_simples/Page_DEMOQA/svg")): Object: 'Object Repository/Variables_simples/Page_DEMOQA/svg' is clicked on

2023-05-26 16:42:10 - [MESSAGE][PASSED] - Object: 'Object Repository/Variables_simples/Page_DEMOQA/svg' is clicked on

2023-05-26 16:42:10 - [TEST_STEP][PASSED] - textoBuscado = getText(findTestObject("Object Repository/Variables_simples/Page_DEMOQA/div_alejandro"), CONTINUE_ON_FAILURE): Text of object 'Object Repository/Variables_simples/Page_DEMOQA/div_alejandro' is: 'Juan'

2023-05-26 16:42:11 - [MESSAGE][PASSED] - Text of object 'Object Repository/Variables_simples/Page_DEMOQA/div_alejandro' is: 'Juan'

2023-05-26 16:42:11 - [TEST_STEP][PASSED] - delay(DelayCorto): Delayed 1 second(s)

2023-05-26 16:42:12 - [MESSAGE][PASSED] - Delayed 1 second(s)

2023-05-26 16:42:12 - [TEST_STEP][PASSED] - verifyMatch(TextoaBuscar, TextoaBuscar, true): Actual text 'Juan' and expected text 'Juan' are matched  using regular expression

2023-05-26 16:42:12 - [MESSAGE][PASSED] - Actual text 'Juan' and expected text 'Juan' are matched  using regular expression

2023-05-26 16:42:12 - [TEST_STEP][PASSED] - closeBrowser(): Browser is closed

2023-05-26 16:42:13 - [MESSAGE][PASSED] - Browser is closed

2023-05-26 16:42:13 - [TEST_STEP][PASSED] - Start listener action : sampleAfterTestCase: null

2023-05-26 16:42:15 - [TEST_STEP][PASSED] - Video: Video recording for test case 'Test Cases/CursoKatalon/Variables_simples' .

2023-05-26 16:42:15 - [MESSAGE][INFO] - Video recording for test case 'Test Cases/CursoKatalon/Variables_simples' .]]></system-out>
         <system-err><![CDATA[]]></system-err>
      </testcase>
      <testcase name="Test Cases/CursoKatalon/Variables_simples" time="21.059" classname="Test Cases/CursoKatalon/Variables_simples" status="PASSED">
         <system-out><![CDATA[2023-05-26 16:42:15 - [TEST_CASE][PASSED] - Test Cases/CursoKatalon/Variables_simples: Test Cases/CursoKatalon/Variables_simples

2023-05-26 16:42:15 - [TEST_STEP][PASSED] - openBrowser(""): Browser is opened with url: ''

2023-05-26 16:42:15 - [MESSAGE][INFO] - Starting 'Chrome' driver

2023-05-26 16:42:15 - [MESSAGE][INFO] - Action delay is set to 0 milliseconds

2023-05-26 16:42:21 - [MESSAGE][PASSED] - Browser is opened with url: ''

2023-05-26 16:42:21 - [TEST_STEP][PASSED] - maximizeWindow(): Current window maximized

2023-05-26 16:42:21 - [MESSAGE][PASSED] - Current window maximized

2023-05-26 16:42:21 - [TEST_STEP][PASSED] - navigateToUrl("https://demoqa.com/webtables"): Navigate to 'https://demoqa.com/webtables' successfully

2023-05-26 16:42:23 - [MESSAGE][PASSED] - Navigate to 'https://demoqa.com/webtables' successfully

2023-05-26 16:42:23 - [TEST_STEP][PASSED] - click(findTestObject("Object Repository/Variables_simples/Page_DEMOQA/button_Add")): Object: 'Object Repository/Variables_simples/Page_DEMOQA/button_Add' is clicked on

2023-05-26 16:42:24 - [MESSAGE][PASSED] - Object: 'Object Repository/Variables_simples/Page_DEMOQA/button_Add' is clicked on

2023-05-26 16:42:24 - [TEST_STEP][PASSED] - setText(findTestObject("Object Repository/Variables_simples/Page_DEMOQA/input_First Name_firstName"), Nombre): Text 'Alejandro' is set on object 'Object Repository/Variables_simples/Page_DEMOQA/input_First Name_firstName'

2023-05-26 16:42:25 - [MESSAGE][PASSED] - Text 'Alejandro' is set on object 'Object Repository/Variables_simples/Page_DEMOQA/input_First Name_firstName'

2023-05-26 16:42:25 - [TEST_STEP][PASSED] - setText(findTestObject("Object Repository/Variables_simples/Page_DEMOQA/input_Last Name_lastName"), Apellido): Text 'Sanchez' is set on object 'Object Repository/Variables_simples/Page_DEMOQA/input_Last Name_lastName'

2023-05-26 16:42:26 - [MESSAGE][PASSED] - Text 'Sanchez' is set on object 'Object Repository/Variables_simples/Page_DEMOQA/input_Last Name_lastName'

2023-05-26 16:42:26 - [TEST_STEP][PASSED] - setText(findTestObject("Object Repository/Variables_simples/Page_DEMOQA/input_Email_userEmail"), Email): Text 'alejandrosanchez@gmail.com' is set on object 'Object Repository/Variables_simples/Page_DEMOQA/input_Email_userEmail'

2023-05-26 16:42:27 - [MESSAGE][PASSED] - Text 'alejandrosanchez@gmail.com' is set on object 'Object Repository/Variables_simples/Page_DEMOQA/input_Email_userEmail'

2023-05-26 16:42:27 - [TEST_STEP][PASSED] - setText(findTestObject("Object Repository/Variables_simples/Page_DEMOQA/input_Age_age"), Edad): Text '44' is set on object 'Object Repository/Variables_simples/Page_DEMOQA/input_Age_age'

2023-05-26 16:42:28 - [MESSAGE][PASSED] - Text '44' is set on object 'Object Repository/Variables_simples/Page_DEMOQA/input_Age_age'

2023-05-26 16:42:28 - [TEST_STEP][PASSED] - setText(findTestObject("Object Repository/Variables_simples/Page_DEMOQA/input_Salary_salary"), Salario): Text '45000' is set on object 'Object Repository/Variables_simples/Page_DEMOQA/input_Salary_salary'

2023-05-26 16:42:29 - [MESSAGE][PASSED] - Text '45000' is set on object 'Object Repository/Variables_simples/Page_DEMOQA/input_Salary_salary'

2023-05-26 16:42:29 - [TEST_STEP][PASSED] - setText(findTestObject("Object Repository/Variables_simples/Page_DEMOQA/input_Department_department"), Departamento): Text 'desarrollador' is set on object 'Object Repository/Variables_simples/Page_DEMOQA/input_Department_department'

2023-05-26 16:42:29 - [MESSAGE][PASSED] - Text 'desarrollador' is set on object 'Object Repository/Variables_simples/Page_DEMOQA/input_Department_department'

2023-05-26 16:42:29 - [TEST_STEP][PASSED] - click(findTestObject("Object Repository/Variables_simples/Page_DEMOQA/button_Submit")): Object: 'Object Repository/Variables_simples/Page_DEMOQA/button_Submit' is clicked on

2023-05-26 16:42:30 - [MESSAGE][PASSED] - Object: 'Object Repository/Variables_simples/Page_DEMOQA/button_Submit' is clicked on

2023-05-26 16:42:30 - [TEST_STEP][PASSED] - setText(findTestObject("Object Repository/Variables_simples/Page_DEMOQA/input_Add_searchBox"), TextoaBuscar): Text 'Alejandro' is set on object 'Object Repository/Variables_simples/Page_DEMOQA/input_Add_searchBox'

2023-05-26 16:42:31 - [MESSAGE][PASSED] - Text 'Alejandro' is set on object 'Object Repository/Variables_simples/Page_DEMOQA/input_Add_searchBox'

2023-05-26 16:42:31 - [TEST_STEP][PASSED] - click(findTestObject("Object Repository/Variables_simples/Page_DEMOQA/svg")): Object: 'Object Repository/Variables_simples/Page_DEMOQA/svg' is clicked on

2023-05-26 16:42:32 - [MESSAGE][PASSED] - Object: 'Object Repository/Variables_simples/Page_DEMOQA/svg' is clicked on

2023-05-26 16:42:32 - [TEST_STEP][PASSED] - textoBuscado = getText(findTestObject("Object Repository/Variables_simples/Page_DEMOQA/div_alejandro"), CONTINUE_ON_FAILURE): Text of object 'Object Repository/Variables_simples/Page_DEMOQA/div_alejandro' is: 'Alejandro'

2023-05-26 16:42:32 - [MESSAGE][PASSED] - Text of object 'Object Repository/Variables_simples/Page_DEMOQA/div_alejandro' is: 'Alejandro'

2023-05-26 16:42:32 - [TEST_STEP][PASSED] - delay(DelayCorto): Delayed 1 second(s)

2023-05-26 16:42:33 - [MESSAGE][PASSED] - Delayed 1 second(s)

2023-05-26 16:42:33 - [TEST_STEP][PASSED] - verifyMatch(TextoaBuscar, TextoaBuscar, true): Actual text 'Alejandro' and expected text 'Alejandro' are matched  using regular expression

2023-05-26 16:42:33 - [MESSAGE][PASSED] - Actual text 'Alejandro' and expected text 'Alejandro' are matched  using regular expression

2023-05-26 16:42:33 - [TEST_STEP][PASSED] - closeBrowser(): Browser is closed

2023-05-26 16:42:34 - [MESSAGE][PASSED] - Browser is closed

2023-05-26 16:42:34 - [TEST_STEP][PASSED] - Start listener action : sampleAfterTestCase: null

2023-05-26 16:42:36 - [TEST_STEP][PASSED] - Video: Video recording for test case 'Test Cases/CursoKatalon/Variables_simples' .

2023-05-26 16:42:36 - [MESSAGE][INFO] - Video recording for test case 'Test Cases/CursoKatalon/Variables_simples' .]]></system-out>
         <system-err><![CDATA[]]></system-err>
      </testcase>
      <testcase name="Test Cases/CursoKatalon/Variables_simples" time="20.75" classname="Test Cases/CursoKatalon/Variables_simples" status="PASSED">
         <system-out><![CDATA[2023-05-26 16:42:36 - [TEST_CASE][PASSED] - Test Cases/CursoKatalon/Variables_simples: Test Cases/CursoKatalon/Variables_simples

2023-05-26 16:42:36 - [TEST_STEP][PASSED] - openBrowser(""): Browser is opened with url: ''

2023-05-26 16:42:36 - [MESSAGE][INFO] - Starting 'Chrome' driver

2023-05-26 16:42:36 - [MESSAGE][INFO] - Action delay is set to 0 milliseconds

2023-05-26 16:42:43 - [MESSAGE][PASSED] - Browser is opened with url: ''

2023-05-26 16:42:43 - [TEST_STEP][PASSED] - maximizeWindow(): Current window maximized

2023-05-26 16:42:43 - [MESSAGE][PASSED] - Current window maximized

2023-05-26 16:42:43 - [TEST_STEP][PASSED] - navigateToUrl("https://demoqa.com/webtables"): Navigate to 'https://demoqa.com/webtables' successfully

2023-05-26 16:42:45 - [MESSAGE][PASSED] - Navigate to 'https://demoqa.com/webtables' successfully

2023-05-26 16:42:45 - [TEST_STEP][PASSED] - click(findTestObject("Object Repository/Variables_simples/Page_DEMOQA/button_Add")): Object: 'Object Repository/Variables_simples/Page_DEMOQA/button_Add' is clicked on

2023-05-26 16:42:45 - [MESSAGE][PASSED] - Object: 'Object Repository/Variables_simples/Page_DEMOQA/button_Add' is clicked on

2023-05-26 16:42:45 - [TEST_STEP][PASSED] - setText(findTestObject("Object Repository/Variables_simples/Page_DEMOQA/input_First Name_firstName"), Nombre): Text 'Iria' is set on object 'Object Repository/Variables_simples/Page_DEMOQA/input_First Name_firstName'

2023-05-26 16:42:46 - [MESSAGE][PASSED] - Text 'Iria' is set on object 'Object Repository/Variables_simples/Page_DEMOQA/input_First Name_firstName'

2023-05-26 16:42:46 - [TEST_STEP][PASSED] - setText(findTestObject("Object Repository/Variables_simples/Page_DEMOQA/input_Last Name_lastName"), Apellido): Text 'fernandez' is set on object 'Object Repository/Variables_simples/Page_DEMOQA/input_Last Name_lastName'

2023-05-26 16:42:47 - [MESSAGE][PASSED] - Text 'fernandez' is set on object 'Object Repository/Variables_simples/Page_DEMOQA/input_Last Name_lastName'

2023-05-26 16:42:47 - [TEST_STEP][PASSED] - setText(findTestObject("Object Repository/Variables_simples/Page_DEMOQA/input_Email_userEmail"), Email): Text 'iriafernadez@gmail.com' is set on object 'Object Repository/Variables_simples/Page_DEMOQA/input_Email_userEmail'

2023-05-26 16:42:48 - [MESSAGE][PASSED] - Text 'iriafernadez@gmail.com' is set on object 'Object Repository/Variables_simples/Page_DEMOQA/input_Email_userEmail'

2023-05-26 16:42:48 - [TEST_STEP][PASSED] - setText(findTestObject("Object Repository/Variables_simples/Page_DEMOQA/input_Age_age"), Edad): Text '31' is set on object 'Object Repository/Variables_simples/Page_DEMOQA/input_Age_age'

2023-05-26 16:42:49 - [MESSAGE][PASSED] - Text '31' is set on object 'Object Repository/Variables_simples/Page_DEMOQA/input_Age_age'

2023-05-26 16:42:49 - [TEST_STEP][PASSED] - setText(findTestObject("Object Repository/Variables_simples/Page_DEMOQA/input_Salary_salary"), Salario): Text '35000' is set on object 'Object Repository/Variables_simples/Page_DEMOQA/input_Salary_salary'

2023-05-26 16:42:49 - [MESSAGE][PASSED] - Text '35000' is set on object 'Object Repository/Variables_simples/Page_DEMOQA/input_Salary_salary'

2023-05-26 16:42:49 - [TEST_STEP][PASSED] - setText(findTestObject("Object Repository/Variables_simples/Page_DEMOQA/input_Department_department"), Departamento): Text 'tester' is set on object 'Object Repository/Variables_simples/Page_DEMOQA/input_Department_department'

2023-05-26 16:42:50 - [MESSAGE][PASSED] - Text 'tester' is set on object 'Object Repository/Variables_simples/Page_DEMOQA/input_Department_department'

2023-05-26 16:42:50 - [TEST_STEP][PASSED] - click(findTestObject("Object Repository/Variables_simples/Page_DEMOQA/button_Submit")): Object: 'Object Repository/Variables_simples/Page_DEMOQA/button_Submit' is clicked on

2023-05-26 16:42:51 - [MESSAGE][PASSED] - Object: 'Object Repository/Variables_simples/Page_DEMOQA/button_Submit' is clicked on

2023-05-26 16:42:51 - [TEST_STEP][PASSED] - setText(findTestObject("Object Repository/Variables_simples/Page_DEMOQA/input_Add_searchBox"), TextoaBuscar): Text 'Iria' is set on object 'Object Repository/Variables_simples/Page_DEMOQA/input_Add_searchBox'

2023-05-26 16:42:52 - [MESSAGE][PASSED] - Text 'Iria' is set on object 'Object Repository/Variables_simples/Page_DEMOQA/input_Add_searchBox'

2023-05-26 16:42:52 - [TEST_STEP][PASSED] - click(findTestObject("Object Repository/Variables_simples/Page_DEMOQA/svg")): Object: 'Object Repository/Variables_simples/Page_DEMOQA/svg' is clicked on

2023-05-26 16:42:52 - [MESSAGE][PASSED] - Object: 'Object Repository/Variables_simples/Page_DEMOQA/svg' is clicked on

2023-05-26 16:42:52 - [TEST_STEP][PASSED] - textoBuscado = getText(findTestObject("Object Repository/Variables_simples/Page_DEMOQA/div_alejandro"), CONTINUE_ON_FAILURE): Text of object 'Object Repository/Variables_simples/Page_DEMOQA/div_alejandro' is: 'Iria'

2023-05-26 16:42:53 - [MESSAGE][PASSED] - Text of object 'Object Repository/Variables_simples/Page_DEMOQA/div_alejandro' is: 'Iria'

2023-05-26 16:42:53 - [TEST_STEP][PASSED] - delay(DelayCorto): Delayed 1 second(s)

2023-05-26 16:42:54 - [MESSAGE][PASSED] - Delayed 1 second(s)

2023-05-26 16:42:54 - [TEST_STEP][PASSED] - verifyMatch(TextoaBuscar, TextoaBuscar, true): Actual text 'Iria' and expected text 'Iria' are matched  using regular expression

2023-05-26 16:42:54 - [MESSAGE][PASSED] - Actual text 'Iria' and expected text 'Iria' are matched  using regular expression

2023-05-26 16:42:54 - [TEST_STEP][PASSED] - closeBrowser(): Browser is closed

2023-05-26 16:42:55 - [MESSAGE][PASSED] - Browser is closed

2023-05-26 16:42:55 - [TEST_STEP][PASSED] - Start listener action : sampleAfterTestCase: null

2023-05-26 16:42:57 - [TEST_STEP][PASSED] - Video: Video recording for test case 'Test Cases/CursoKatalon/Variables_simples' .

2023-05-26 16:42:57 - [MESSAGE][INFO] - Video recording for test case 'Test Cases/CursoKatalon/Variables_simples' .]]></system-out>
         <system-err><![CDATA[]]></system-err>
      </testcase>
      <system-out><![CDATA[2023-05-26 16:41:51 - [TEST_SUITE][PASSED] - DatosenCSV: Test Cases/CursoKatalon/Variables_simples]]></system-out>
      <system-err><![CDATA[]]></system-err>
   </testsuite>
</testsuites>
