<?xml version="1.0" encoding="UTF-8"?>
<testsuites name="Suites_Curso_Katalon_parte2" time="520.785" tests="3" failures="0" errors="0">
   <testsuite name="Suites_Curso_Katalon_parte2" tests="3" failures="0" errors="0" time="520.785" skipped="0" timestamp="2023-05-23 16:34:22" hostname="user - 192.168.1.21" id="Test Suites/Curso_De_Katalon/Suites_Curso_Katalon_parte2">
      <properties>
         <property name="deviceName" value=""/>
         <property name="devicePlatform" value=""/>
         <property name="logFolder" value="C:\\Users\\user\\Katalon Studio\\CursoKatalon-master\\Reports\\20230523_163354\\Curso_De_Katalon\\Suites_Curso_Katalon_parte2\\20230523_163401"/>
         <property name="logFiles" value="C:\\Users\\user\\Katalon Studio\\CursoKatalon-master\\Reports\\20230523_163354\\Curso_De_Katalon\\Suites_Curso_Katalon_parte2\\20230523_163401\\execution0.log"/>
         <property name="attachments" value="C:\Users\user\Katalon Studio\CursoKatalon-master\Imagenes\imagen1.png"/>
         <property name="hostName" value="user - 192.168.1.21"/>
         <property name="os" value="Windows 10 64bit"/>
         <property name="katalonVersion" value="8.6.0.208"/>
         <property name="browser" value="Firefox 113.0"/>
         <property name="hostAddress" value="192.168.1.21"/>
         <property name="sessionId" value="a2aa551d-cf50-4a2d-94fd-71cea226a25d"/>
         <property name="seleniumVersion" value="3.141.59"/>
         <property name="proxyInformation" value="ProxyInformation { proxyOption=NO_PROXY, proxyServerType=HTTP, username=, password=********, proxyServerAddress=, proxyServerPort=0, executionList=&quot;&quot;, isApplyToDesiredCapabilities=true }"/>
         <property name="platform" value="Windows 10"/>
      </properties>
      <testcase name="Test Cases/CursoKatalon/Rellenar_Formulario" time="202.637" classname="Test Cases/CursoKatalon/Rellenar_Formulario" status="PASSED">
         <system-out><![CDATA[2023-05-23 16:34:24 - [TEST_CASE][PASSED] - Test Cases/CursoKatalon/Rellenar_Formulario: Test Cases/CursoKatalon/Rellenar_Formulario

2023-05-23 16:34:27 - [TEST_STEP][PASSED] - Start listener action : executeRows: com.kms.katalon.keyword.testsuite.RerunKeyword.isStringBelongToList is PASSED

2023-05-23 16:34:27 - [MESSAGE][PASSED] - com.kms.katalon.keyword.testsuite.RerunKeyword.isStringBelongToList is PASSED

2023-05-23 16:34:38 - [TEST_STEP][PASSED] - openBrowser(""): Browser is opened with url: ''

2023-05-23 16:34:41 - [MESSAGE][INFO] - Starting 'Firefox' driver

2023-05-23 16:34:42 - [MESSAGE][INFO] - Action delay is set to 0 milliseconds

2023-05-23 16:35:35 - [MESSAGE][PASSED] - Browser is opened with url: ''

2023-05-23 16:35:35 - [TEST_STEP][PASSED] - navigateToUrl("https://demoqa.com/automation-practice-form"): Navigate to 'https://demoqa.com/automation-practice-form' successfully

2023-05-23 16:35:48 - [MESSAGE][PASSED] - Navigate to 'https://demoqa.com/automation-practice-form' successfully

2023-05-23 16:35:48 - [TEST_STEP][PASSED] - maximizeWindow(): Current window maximized

2023-05-23 16:35:49 - [MESSAGE][PASSED] - Current window maximized

2023-05-23 16:35:49 - [TEST_STEP][PASSED] - setText(findTestObject("Rellenar_Formulario/Nombre"), Nombre): Text 'Alejandro' is set on object 'Object Repository/Rellenar_Formulario/Nombre'

2023-05-23 16:35:53 - [MESSAGE][PASSED] - Text 'Alejandro' is set on object 'Object Repository/Rellenar_Formulario/Nombre'

2023-05-23 16:35:53 - [TEST_STEP][PASSED] - delay(DelayCorto): Delayed 1 second(s)

2023-05-23 16:35:56 - [MESSAGE][PASSED] - Delayed 1 second(s)

2023-05-23 16:35:56 - [TEST_STEP][PASSED] - setText(findTestObject("Rellenar_Formulario/Apellidos"), Apellidos): Text 'Canosa Ferreiro' is set on object 'Object Repository/Rellenar_Formulario/Apellidos'

2023-05-23 16:35:59 - [MESSAGE][PASSED] - Text 'Canosa Ferreiro' is set on object 'Object Repository/Rellenar_Formulario/Apellidos'

2023-05-23 16:35:59 - [TEST_STEP][PASSED] - delay(DelayCorto): Delayed 1 second(s)

2023-05-23 16:36:00 - [MESSAGE][PASSED] - Delayed 1 second(s)

2023-05-23 16:36:00 - [TEST_STEP][PASSED] - setText(findTestObject("Rellenar_Formulario/Email"), Email): Text 'cansa1@msn.com' is set on object 'Object Repository/Rellenar_Formulario/Email'

2023-05-23 16:36:03 - [MESSAGE][PASSED] - Text 'cansa1@msn.com' is set on object 'Object Repository/Rellenar_Formulario/Email'

2023-05-23 16:36:03 - [TEST_STEP][PASSED] - delay(DelayCorto): Delayed 1 second(s)

2023-05-23 16:36:04 - [MESSAGE][PASSED] - Delayed 1 second(s)

2023-05-23 16:36:04 - [TEST_STEP][PASSED] - verifyElementClickable(findTestObject("Rellenar_Formulario/RadioButton_male")): Object 'Object Repository/Rellenar_Formulario/RadioButton_male' is clickable

2023-05-23 16:36:07 - [MESSAGE][PASSED] - Object 'Object Repository/Rellenar_Formulario/RadioButton_male' is clickable

2023-05-23 16:36:07 - [TEST_STEP][PASSED] - click(findTestObject("Rellenar_Formulario/RadioButton_male")): Object: 'Object Repository/Rellenar_Formulario/RadioButton_male' is clicked on

2023-05-23 16:36:12 - [MESSAGE][PASSED] - Object: 'Object Repository/Rellenar_Formulario/RadioButton_male' is clicked on

2023-05-23 16:36:12 - [TEST_STEP][PASSED] - delay(DelayCorto): Delayed 1 second(s)

2023-05-23 16:36:13 - [MESSAGE][PASSED] - Delayed 1 second(s)

2023-05-23 16:36:13 - [TEST_STEP][PASSED] - setText(findTestObject("Rellenar_Formulario/Movil"), Movil): Text '667356734' is set on object 'Object Repository/Rellenar_Formulario/Movil'

2023-05-23 16:36:17 - [MESSAGE][PASSED] - Text '667356734' is set on object 'Object Repository/Rellenar_Formulario/Movil'

2023-05-23 16:36:17 - [TEST_STEP][PASSED] - TextoMovil = getText(findTestObject("Rellenar_Formulario/Movil")): Text of object 'Object Repository/Rellenar_Formulario/Movil' is: ''

2023-05-23 16:36:19 - [MESSAGE][PASSED] - Text of object 'Object Repository/Rellenar_Formulario/Movil' is: ''

2023-05-23 16:36:19 - [TEST_STEP][PASSED] - verifyMatch("667356724", "(\+34|0034|34)?[ -]*(6|7)([0-9]){2}[ -]?(([0-9]){2}[ -]?([0-9]){2}[ -]?([0-9]){2}|([0-9]){3}[ -]?([0-9]){3})", true, CONTINUE_ON_FAILURE): Actual text '667356724' and expected text '(\+34|0034|34)?[ -]*(6|7)([0-9]){2}[ -]?(([0-9]){2}[ -]?([0-9]){2}[ -]?([0-9]){2}|([0-9]){3}[ -]?([0-9]){3})' are matched  using regular expression

2023-05-23 16:36:19 - [MESSAGE][PASSED] - Actual text '667356724' and expected text '(\+34|0034|34)?[ -]*(6|7)([0-9]){2}[ -]?(([0-9]){2}[ -]?([0-9]){2}[ -]?([0-9]){2}|([0-9]){3}[ -]?([0-9]){3})' are matched  using regular expression

2023-05-23 16:36:19 - [TEST_STEP][PASSED] - delay(1): Delayed 1 second(s)

2023-05-23 16:36:20 - [MESSAGE][PASSED] - Delayed 1 second(s)

2023-05-23 16:36:20 - [TEST_STEP][PASSED] - click(findTestObject("Rellenar_Formulario/Cumpleaños")): Object: 'Object Repository/Rellenar_Formulario/Cumpleaños' is clicked on

2023-05-23 16:36:24 - [MESSAGE][PASSED] - Object: 'Object Repository/Rellenar_Formulario/Cumpleaños' is clicked on

2023-05-23 16:36:24 - [TEST_STEP][PASSED] - delay(1): Delayed 1 second(s)

2023-05-23 16:36:25 - [MESSAGE][PASSED] - Delayed 1 second(s)

2023-05-23 16:36:25 - [TEST_STEP][PASSED] - selectOptionByValue(findTestObject("Rellenar_Formulario/Mes"), "10", false): All options with value '10' are selected in object 'Object Repository/Rellenar_Formulario/Mes' 

2023-05-23 16:36:30 - [MESSAGE][PASSED] - All options with value '10' are selected in object 'Object Repository/Rellenar_Formulario/Mes' 

2023-05-23 16:36:30 - [TEST_STEP][PASSED] - selectOptionByValue(findTestObject("Rellenar_Formulario/Año"), "1977", false): All options with value '1977' are selected in object 'Object Repository/Rellenar_Formulario/Año' 

2023-05-23 16:36:34 - [MESSAGE][PASSED] - All options with value '1977' are selected in object 'Object Repository/Rellenar_Formulario/Año' 

2023-05-23 16:36:34 - [TEST_STEP][PASSED] - click(findTestObject("Rellenar_Formulario/Dia")): Object: 'Object Repository/Rellenar_Formulario/Dia' is clicked on

2023-05-23 16:36:36 - [MESSAGE][PASSED] - Object: 'Object Repository/Rellenar_Formulario/Dia' is clicked on

2023-05-23 16:36:36 - [TEST_STEP][PASSED] - delay(DelayCorto): Delayed 1 second(s)

2023-05-23 16:36:38 - [MESSAGE][PASSED] - Delayed 1 second(s)

2023-05-23 16:36:38 - [TEST_STEP][PASSED] - verifyElementClickable(findTestObject("Rellenar_Formulario/Asunto"), CONTINUE_ON_FAILURE): Object 'Object Repository/Rellenar_Formulario/Asunto' is clickable

2023-05-23 16:36:41 - [MESSAGE][PASSED] - Object 'Object Repository/Rellenar_Formulario/Asunto' is clickable

2023-05-23 16:36:41 - [TEST_STEP][PASSED] - click(findTestObject("Rellenar_Formulario/Asunto")): Object: 'Object Repository/Rellenar_Formulario/Asunto' is clicked on

2023-05-23 16:36:46 - [MESSAGE][PASSED] - Object: 'Object Repository/Rellenar_Formulario/Asunto' is clicked on

2023-05-23 16:36:46 - [TEST_STEP][PASSED] - comment("No permite escribir en este elemento"): No permite escribir en este elemento

2023-05-23 16:36:46 - [MESSAGE][INFO] - No permite escribir en este elemento

2023-05-23 16:36:46 - [TEST_STEP][PASSED] - delay(1): Delayed 1 second(s)

2023-05-23 16:36:47 - [MESSAGE][PASSED] - Delayed 1 second(s)

2023-05-23 16:36:47 - [TEST_STEP][PASSED] - verifyElementClickable(findTestObject("Rellenar_Formulario/Sports"), CONTINUE_ON_FAILURE): Object 'Object Repository/Rellenar_Formulario/Sports' is clickable

2023-05-23 16:36:53 - [MESSAGE][PASSED] - Object 'Object Repository/Rellenar_Formulario/Sports' is clickable

2023-05-23 16:36:53 - [TEST_STEP][PASSED] - click(findTestObject("Rellenar_Formulario/Sports")): Object: 'Object Repository/Rellenar_Formulario/Sports' is clicked on

2023-05-23 16:36:55 - [MESSAGE][PASSED] - Object: 'Object Repository/Rellenar_Formulario/Sports' is clicked on

2023-05-23 16:36:55 - [TEST_STEP][PASSED] - delay(DelayCorto): Delayed 1 second(s)

2023-05-23 16:36:56 - [MESSAGE][PASSED] - Delayed 1 second(s)

2023-05-23 16:36:56 - [TEST_STEP][PASSED] - uploadFile(findTestObject("Rellenar_Formulario/Subir_Archivo"), "C:\Users\user\Katalon Studio\CursoKatalon-master\Imagenes\imagen1.png"): File 'C:\Users\user\Katalon Studio\CursoKatalon-master\Imagenes\imagen1.png' sent to object: 'Object Repository/Rellenar_Formulario/Subir_Archivo'

2023-05-23 16:36:59 - [MESSAGE][PASSED] - File 'C:\Users\user\Katalon Studio\CursoKatalon-master\Imagenes\imagen1.png' sent to object: 'Object Repository/Rellenar_Formulario/Subir_Archivo'

2023-05-23 16:36:59 - [TEST_STEP][PASSED] - scrollToElement(findTestObject("Rellenar_Formulario/Direccion"), 0): Scroll to object 'Object Repository/Rellenar_Formulario/Direccion' successfully

2023-05-23 16:37:03 - [MESSAGE][WARNING] - Timeout '0' is invalid. Using default page load timeout: '30'

2023-05-23 16:37:04 - [MESSAGE][PASSED] - Scroll to object 'Object Repository/Rellenar_Formulario/Direccion' successfully

2023-05-23 16:37:04 - [TEST_STEP][PASSED] - click(findTestObject("Rellenar_Formulario/Direccion")): Object: 'Object Repository/Rellenar_Formulario/Direccion' is clicked on

2023-05-23 16:37:05 - [MESSAGE][PASSED] - Object: 'Object Repository/Rellenar_Formulario/Direccion' is clicked on

2023-05-23 16:37:05 - [TEST_STEP][PASSED] - setText(findTestObject("Rellenar_Formulario/Direccion"), "Calle alfonso VII numero 7 3"): Text 'Calle alfonso VII numero 7 3' is set on object 'Object Repository/Rellenar_Formulario/Direccion'

2023-05-23 16:37:07 - [MESSAGE][PASSED] - Text 'Calle alfonso VII numero 7 3' is set on object 'Object Repository/Rellenar_Formulario/Direccion'

2023-05-23 16:37:07 - [TEST_STEP][PASSED] - closeBrowser(): Browser is closed

2023-05-23 16:37:40 - [MESSAGE][PASSED] - Browser is closed

2023-05-23 16:37:40 - [TEST_STEP][PASSED] - Start listener action : sampleAfterTestCase: null

2023-05-23 16:37:40 - [TEST_STEP][PASSED] - Start listener action : addFailedTCToList: com.kms.katalon.keyword.testsuite.RerunKeyword.isStringBelongToList is PASSED

2023-05-23 16:37:40 - [MESSAGE][PASSED] - com.kms.katalon.keyword.testsuite.RerunKeyword.isStringBelongToList is PASSED

2023-05-23 16:37:46 - [TEST_STEP][PASSED] - Video: Video recording for test case 'Test Cases/CursoKatalon/Rellenar_Formulario' .

2023-05-23 16:37:46 - [MESSAGE][INFO] - Video recording for test case 'Test Cases/CursoKatalon/Rellenar_Formulario' .]]></system-out>
         <system-err><![CDATA[]]></system-err>
      </testcase>
      <testcase name="Test Cases/CursoKatalon/Variables_simples" time="157.276" classname="Test Cases/CursoKatalon/Variables_simples" status="PASSED">
         <system-out><![CDATA[2023-05-23 16:37:48 - [TEST_CASE][PASSED] - Test Cases/CursoKatalon/Variables_simples: Test Cases/CursoKatalon/Variables_simples

2023-05-23 16:37:49 - [TEST_STEP][PASSED] - Start listener action : executeRows: com.kms.katalon.keyword.testsuite.RerunKeyword.isStringBelongToList is PASSED

2023-05-23 16:37:49 - [MESSAGE][PASSED] - com.kms.katalon.keyword.testsuite.RerunKeyword.isStringBelongToList is PASSED

2023-05-23 16:38:05 - [TEST_STEP][PASSED] - openBrowser(""): Browser is opened with url: ''

2023-05-23 16:38:05 - [MESSAGE][INFO] - Starting 'Firefox' driver

2023-05-23 16:38:05 - [MESSAGE][INFO] - Action delay is set to 0 milliseconds

2023-05-23 16:38:53 - [MESSAGE][PASSED] - Browser is opened with url: ''

2023-05-23 16:38:53 - [TEST_STEP][PASSED] - maximizeWindow(): Current window maximized

2023-05-23 16:38:53 - [MESSAGE][PASSED] - Current window maximized

2023-05-23 16:38:53 - [TEST_STEP][PASSED] - navigateToUrl("https://demoqa.com/webtables"): Navigate to 'https://demoqa.com/webtables' successfully

2023-05-23 16:39:03 - [MESSAGE][PASSED] - Navigate to 'https://demoqa.com/webtables' successfully

2023-05-23 16:39:03 - [TEST_STEP][PASSED] - click(findTestObject("Object Repository/Variables_simples/Page_DEMOQA/button_Add")): Object: 'Object Repository/Variables_simples/Page_DEMOQA/button_Add' is clicked on

2023-05-23 16:39:12 - [MESSAGE][PASSED] - Object: 'Object Repository/Variables_simples/Page_DEMOQA/button_Add' is clicked on

2023-05-23 16:39:12 - [TEST_STEP][PASSED] - setText(findTestObject("Object Repository/Variables_simples/Page_DEMOQA/input_First Name_firstName"), Nombre): Text 'Alejandro' is set on object 'Object Repository/Variables_simples/Page_DEMOQA/input_First Name_firstName'

2023-05-23 16:39:18 - [MESSAGE][PASSED] - Text 'Alejandro' is set on object 'Object Repository/Variables_simples/Page_DEMOQA/input_First Name_firstName'

2023-05-23 16:39:18 - [TEST_STEP][PASSED] - setText(findTestObject("Object Repository/Variables_simples/Page_DEMOQA/input_Last Name_lastName"), Apellido): Text 'Canosa' is set on object 'Object Repository/Variables_simples/Page_DEMOQA/input_Last Name_lastName'

2023-05-23 16:39:22 - [MESSAGE][PASSED] - Text 'Canosa' is set on object 'Object Repository/Variables_simples/Page_DEMOQA/input_Last Name_lastName'

2023-05-23 16:39:22 - [TEST_STEP][PASSED] - setText(findTestObject("Object Repository/Variables_simples/Page_DEMOQA/input_Email_userEmail"), Email): Text 'canosa1@msn.com' is set on object 'Object Repository/Variables_simples/Page_DEMOQA/input_Email_userEmail'

2023-05-23 16:39:25 - [MESSAGE][PASSED] - Text 'canosa1@msn.com' is set on object 'Object Repository/Variables_simples/Page_DEMOQA/input_Email_userEmail'

2023-05-23 16:39:25 - [TEST_STEP][PASSED] - setText(findTestObject("Object Repository/Variables_simples/Page_DEMOQA/input_Age_age"), Edad): Text '45' is set on object 'Object Repository/Variables_simples/Page_DEMOQA/input_Age_age'

2023-05-23 16:39:28 - [MESSAGE][PASSED] - Text '45' is set on object 'Object Repository/Variables_simples/Page_DEMOQA/input_Age_age'

2023-05-23 16:39:28 - [TEST_STEP][PASSED] - setText(findTestObject("Object Repository/Variables_simples/Page_DEMOQA/input_Salary_salary"), Salario): Text '45000' is set on object 'Object Repository/Variables_simples/Page_DEMOQA/input_Salary_salary'

2023-05-23 16:39:31 - [MESSAGE][PASSED] - Text '45000' is set on object 'Object Repository/Variables_simples/Page_DEMOQA/input_Salary_salary'

2023-05-23 16:39:31 - [TEST_STEP][PASSED] - setText(findTestObject("Object Repository/Variables_simples/Page_DEMOQA/input_Department_department"), Departamento): Text 'QA' is set on object 'Object Repository/Variables_simples/Page_DEMOQA/input_Department_department'

2023-05-23 16:39:33 - [MESSAGE][PASSED] - Text 'QA' is set on object 'Object Repository/Variables_simples/Page_DEMOQA/input_Department_department'

2023-05-23 16:39:33 - [TEST_STEP][PASSED] - click(findTestObject("Object Repository/Variables_simples/Page_DEMOQA/button_Submit")): Object: 'Object Repository/Variables_simples/Page_DEMOQA/button_Submit' is clicked on

2023-05-23 16:39:43 - [MESSAGE][PASSED] - Object: 'Object Repository/Variables_simples/Page_DEMOQA/button_Submit' is clicked on

2023-05-23 16:39:43 - [TEST_STEP][PASSED] - setText(findTestObject("Object Repository/Variables_simples/Page_DEMOQA/input_Add_searchBox"), TextoaBuscar): Text 'Alejandro' is set on object 'Object Repository/Variables_simples/Page_DEMOQA/input_Add_searchBox'

2023-05-23 16:39:46 - [MESSAGE][PASSED] - Text 'Alejandro' is set on object 'Object Repository/Variables_simples/Page_DEMOQA/input_Add_searchBox'

2023-05-23 16:39:46 - [TEST_STEP][PASSED] - click(findTestObject("Object Repository/Variables_simples/Page_DEMOQA/svg")): Object: 'Object Repository/Variables_simples/Page_DEMOQA/svg' is clicked on

2023-05-23 16:39:48 - [MESSAGE][PASSED] - Object: 'Object Repository/Variables_simples/Page_DEMOQA/svg' is clicked on

2023-05-23 16:39:48 - [TEST_STEP][PASSED] - textoBuscado = getText(findTestObject("Object Repository/Variables_simples/Page_DEMOQA/div_alejandro"), CONTINUE_ON_FAILURE): Text of object 'Object Repository/Variables_simples/Page_DEMOQA/div_alejandro' is: 'Alejandro'

2023-05-23 16:39:52 - [MESSAGE][PASSED] - Text of object 'Object Repository/Variables_simples/Page_DEMOQA/div_alejandro' is: 'Alejandro'

2023-05-23 16:39:52 - [TEST_STEP][PASSED] - delay(DelayCorto): Delayed 1 second(s)

2023-05-23 16:39:53 - [MESSAGE][PASSED] - Delayed 1 second(s)

2023-05-23 16:39:53 - [TEST_STEP][PASSED] - verifyMatch(TextoaBuscar, "Alejandro", true): Actual text 'Alejandro' and expected text 'Alejandro' are matched  using regular expression

2023-05-23 16:39:53 - [MESSAGE][PASSED] - Actual text 'Alejandro' and expected text 'Alejandro' are matched  using regular expression

2023-05-23 16:39:53 - [TEST_STEP][PASSED] - closeBrowser(): Browser is closed

2023-05-23 16:40:21 - [MESSAGE][PASSED] - Browser is closed

2023-05-23 16:40:21 - [TEST_STEP][PASSED] - Start listener action : sampleAfterTestCase: null

2023-05-23 16:40:21 - [TEST_STEP][PASSED] - Start listener action : addFailedTCToList: com.kms.katalon.keyword.testsuite.RerunKeyword.isStringBelongToList is PASSED

2023-05-23 16:40:21 - [MESSAGE][PASSED] - com.kms.katalon.keyword.testsuite.RerunKeyword.isStringBelongToList is PASSED

2023-05-23 16:40:25 - [TEST_STEP][PASSED] - Video: Video recording for test case 'Test Cases/CursoKatalon/Variables_simples' .

2023-05-23 16:40:25 - [MESSAGE][INFO] - Video recording for test case 'Test Cases/CursoKatalon/Variables_simples' .]]></system-out>
         <system-err><![CDATA[]]></system-err>
      </testcase>
      <testcase name="Test Cases/CursoKatalon/Test_TakeShoot" time="157.028" classname="Test Cases/CursoKatalon/Test_TakeShoot" status="PASSED">
         <system-out><![CDATA[2023-05-23 16:40:25 - [TEST_CASE][PASSED] - Test Cases/CursoKatalon/Test_TakeShoot: Test Cases/CursoKatalon/Test_TakeShoot

2023-05-23 16:40:26 - [TEST_STEP][PASSED] - Start listener action : executeRows: com.kms.katalon.keyword.testsuite.RerunKeyword.isStringBelongToList is PASSED

2023-05-23 16:40:26 - [MESSAGE][PASSED] - com.kms.katalon.keyword.testsuite.RerunKeyword.isStringBelongToList is PASSED

2023-05-23 16:40:34 - [TEST_STEP][PASSED] - openBrowser(""): Browser is opened with url: ''

2023-05-23 16:40:35 - [MESSAGE][INFO] - Starting 'Firefox' driver

2023-05-23 16:40:35 - [MESSAGE][INFO] - Action delay is set to 0 milliseconds

2023-05-23 16:41:16 - [MESSAGE][PASSED] - Browser is opened with url: ''

2023-05-23 16:41:16 - [TEST_STEP][PASSED] - navigateToUrl("https://demoqa.com/text-box"): Navigate to 'https://demoqa.com/text-box' successfully

2023-05-23 16:41:27 - [MESSAGE][PASSED] - Navigate to 'https://demoqa.com/text-box' successfully

2023-05-23 16:41:27 - [TEST_STEP][PASSED] - maximizeWindow(): Current window maximized

2023-05-23 16:41:27 - [MESSAGE][PASSED] - Current window maximized

2023-05-23 16:41:27 - [TEST_STEP][PASSED] - setText(findTestObject("Object Repository/Test_TakeShoot/Page_DEMOQA/input_Full Name_userName"), "alejandro"): Text 'alejandro' is set on object 'Object Repository/Test_TakeShoot/Page_DEMOQA/input_Full Name_userName'

2023-05-23 16:41:36 - [MESSAGE][PASSED] - Text 'alejandro' is set on object 'Object Repository/Test_TakeShoot/Page_DEMOQA/input_Full Name_userName'

2023-05-23 16:41:36 - [TEST_STEP][PASSED] - waitForElementClickable(findTestObject("Test_TakeShoot/Page_DEMOQA/input_Full Name_userName"), 10): Object 'Object Repository/Test_TakeShoot/Page_DEMOQA/input_Full Name_userName' is clickable

2023-05-23 16:41:46 - [MESSAGE][PASSED] - Object 'Object Repository/Test_TakeShoot/Page_DEMOQA/input_Full Name_userName' is clickable

2023-05-23 16:41:46 - [TEST_STEP][PASSED] - setText(findTestObject("Object Repository/Test_TakeShoot/Page_DEMOQA/input_Email_userEmail"), "canosa1@msn.com"): Text 'canosa1@msn.com' is set on object 'Object Repository/Test_TakeShoot/Page_DEMOQA/input_Email_userEmail'

2023-05-23 16:41:48 - [MESSAGE][PASSED] - Text 'canosa1@msn.com' is set on object 'Object Repository/Test_TakeShoot/Page_DEMOQA/input_Email_userEmail'

2023-05-23 16:41:48 - [TEST_STEP][PASSED] - waitForElementClickable(findTestObject("Test_TakeShoot/Page_DEMOQA/input_Email_userEmail"), 10): Object 'Object Repository/Test_TakeShoot/Page_DEMOQA/input_Email_userEmail' is clickable

2023-05-23 16:41:50 - [MESSAGE][PASSED] - Object 'Object Repository/Test_TakeShoot/Page_DEMOQA/input_Email_userEmail' is clickable

2023-05-23 16:41:50 - [TEST_STEP][PASSED] - setText(findTestObject("Object Repository/Test_TakeShoot/Page_DEMOQA/textarea_Current Address_currentAddress"), "calle doctor esquerdo 56"): Text 'calle doctor esquerdo 56' is set on object 'Object Repository/Test_TakeShoot/Page_DEMOQA/textarea_Current Address_currentAddress'

2023-05-23 16:41:53 - [MESSAGE][PASSED] - Text 'calle doctor esquerdo 56' is set on object 'Object Repository/Test_TakeShoot/Page_DEMOQA/textarea_Current Address_currentAddress'

2023-05-23 16:41:54 - [TEST_STEP][PASSED] - waitForElementClickable(findTestObject("Test_TakeShoot/Page_DEMOQA/textarea_Current Address_currentAddress"), 0): Object 'Object Repository/Test_TakeShoot/Page_DEMOQA/textarea_Current Address_currentAddress' is clickable

2023-05-23 16:41:55 - [MESSAGE][WARNING] - Timeout '0' is invalid. Using default page load timeout: '30'

2023-05-23 16:41:55 - [MESSAGE][PASSED] - Object 'Object Repository/Test_TakeShoot/Page_DEMOQA/textarea_Current Address_currentAddress' is clickable

2023-05-23 16:41:55 - [TEST_STEP][PASSED] - setText(findTestObject("Object Repository/Test_TakeShoot/Page_DEMOQA/textarea_Permanent Address_permanentAddress"), "calle doctor esquerdo 67"): Text 'calle doctor esquerdo 67' is set on object 'Object Repository/Test_TakeShoot/Page_DEMOQA/textarea_Permanent Address_permanentAddress'

2023-05-23 16:41:57 - [MESSAGE][PASSED] - Text 'calle doctor esquerdo 67' is set on object 'Object Repository/Test_TakeShoot/Page_DEMOQA/textarea_Permanent Address_permanentAddress'

2023-05-23 16:41:57 - [TEST_STEP][PASSED] - waitForElementClickable(findTestObject("Test_TakeShoot/Page_DEMOQA/textarea_Permanent Address_permanentAddress"), 0): Object 'Object Repository/Test_TakeShoot/Page_DEMOQA/textarea_Permanent Address_permanentAddress' is clickable

2023-05-23 16:41:59 - [MESSAGE][WARNING] - Timeout '0' is invalid. Using default page load timeout: '30'

2023-05-23 16:41:59 - [MESSAGE][PASSED] - Object 'Object Repository/Test_TakeShoot/Page_DEMOQA/textarea_Permanent Address_permanentAddress' is clickable

2023-05-23 16:41:59 - [TEST_STEP][PASSED] - scrollToElement(findTestObject("Object Repository/Test_TakeShoot/Page_DEMOQA/button_Submit"), 0): Scroll to object 'Object Repository/Test_TakeShoot/Page_DEMOQA/button_Submit' successfully

2023-05-23 16:42:01 - [MESSAGE][WARNING] - Timeout '0' is invalid. Using default page load timeout: '30'

2023-05-23 16:42:02 - [MESSAGE][PASSED] - Scroll to object 'Object Repository/Test_TakeShoot/Page_DEMOQA/button_Submit' successfully

2023-05-23 16:42:02 - [TEST_STEP][PASSED] - waitForElementClickable(findTestObject("Test_TakeShoot/Page_DEMOQA/button_Submit"), 0): Object 'Object Repository/Test_TakeShoot/Page_DEMOQA/button_Submit' is clickable

2023-05-23 16:42:04 - [MESSAGE][WARNING] - Timeout '0' is invalid. Using default page load timeout: '30'

2023-05-23 16:42:04 - [MESSAGE][PASSED] - Object 'Object Repository/Test_TakeShoot/Page_DEMOQA/button_Submit' is clickable

2023-05-23 16:42:04 - [TEST_STEP][PASSED] - click(findTestObject("Object Repository/Test_TakeShoot/Page_DEMOQA/button_Submit")): Object: 'Object Repository/Test_TakeShoot/Page_DEMOQA/button_Submit' is clicked on

2023-05-23 16:42:08 - [MESSAGE][PASSED] - Object: 'Object Repository/Test_TakeShoot/Page_DEMOQA/button_Submit' is clicked on

2023-05-23 16:42:08 - [TEST_STEP][PASSED] - verifyElementVisible(findTestObject("Object Repository/Test_TakeShoot/Page_DEMOQA/div_NamealejandroEmailcanosa1msn.comCurrent_59e2b2")): Object 'Object Repository/Test_TakeShoot/Page_DEMOQA/div_NamealejandroEmailcanosa1msn.comCurrent_59e2b2' is visible

2023-05-23 16:42:11 - [MESSAGE][PASSED] - Object 'Object Repository/Test_TakeShoot/Page_DEMOQA/div_NamealejandroEmailcanosa1msn.comCurrent_59e2b2' is visible

2023-05-23 16:42:11 - [TEST_STEP][PASSED] - takeScreenshot("C:\Users\user\Katalon Studio\CursoKatalon-master\Imagenes\imagen1.png"): Taking screenshot successfully

2023-05-23 16:42:16 - [MESSAGE][PASSED] - Taking screenshot successfully
[[ATTACHMENT|C:\Users\user\Katalon Studio\CursoKatalon-master\Imagenes\imagen1.png]]

2023-05-23 16:42:16 - [TEST_STEP][PASSED] - closeBrowser(): Browser is closed

2023-05-23 16:43:00 - [MESSAGE][PASSED] - Browser is closed

2023-05-23 16:43:00 - [TEST_STEP][PASSED] - Start listener action : sampleAfterTestCase: null

2023-05-23 16:43:00 - [TEST_STEP][PASSED] - Start listener action : addFailedTCToList: com.kms.katalon.keyword.testsuite.RerunKeyword.isStringBelongToList is PASSED

2023-05-23 16:43:00 - [MESSAGE][PASSED] - com.kms.katalon.keyword.testsuite.RerunKeyword.isStringBelongToList is PASSED

2023-05-23 16:43:02 - [TEST_STEP][PASSED] - Video: Video recording for test case 'Test Cases/CursoKatalon/Test_TakeShoot' .

2023-05-23 16:43:02 - [MESSAGE][INFO] - Video recording for test case 'Test Cases/CursoKatalon/Test_TakeShoot' .]]></system-out>
         <system-err><![CDATA[]]></system-err>
      </testcase>
      <system-out><![CDATA[2023-05-23 16:34:22 - [TEST_SUITE][PASSED] - Suites_Curso_Katalon_parte2: Test Cases/CursoKatalon/Test_TakeShoot]]></system-out>
      <system-err><![CDATA[]]></system-err>
   </testsuite>
</testsuites>
