<?xml version="1.0" encoding="UTF-8"?>
<testsuites name="DatosEnExcel" time="149.012" tests="5" failures="0" errors="0">
   <testsuite name="DatosEnExcel" tests="5" failures="0" errors="0" time="149.012" skipped="0" timestamp="2023-05-23 17:57:22" hostname="user - 192.168.1.21" id="Test Suites/Curso_De_Katalon/DatosEnExcel">
      <properties>
         <property name="deviceName" value=""/>
         <property name="devicePlatform" value=""/>
         <property name="logFolder" value="C:\\Users\\user\\Katalon Studio\\CursoKatalon-master\\Reports\\20230523_175122\\Curso_De_Katalon\\DatosEnExcel\\20230523_175131"/>
         <property name="logFiles" value="C:\\Users\\user\\Katalon Studio\\CursoKatalon-master\\Reports\\20230523_175122\\Curso_De_Katalon\\DatosEnExcel\\20230523_175131\\execution0.log"/>
         <property name="attachments" value=""/>
         <property name="hostName" value="user - 192.168.1.21"/>
         <property name="os" value="Windows 10 64bit"/>
         <property name="katalonVersion" value="8.6.0.208"/>
         <property name="browser" value="Edge Chromium 113"/>
         <property name="hostAddress" value="192.168.1.21"/>
         <property name="sessionId" value="17992f0f46d63a9c334b0ca88c0261c4"/>
         <property name="seleniumVersion" value="3.141.59"/>
         <property name="proxyInformation" value="ProxyInformation { proxyOption=NO_PROXY, proxyServerType=HTTP, username=, password=********, proxyServerAddress=, proxyServerPort=0, executionList=&quot;&quot;, isApplyToDesiredCapabilities=true }"/>
         <property name="platform" value="Windows 10"/>
      </properties>
      <testcase name="Test Cases/CursoKatalon/Variables_simples" time="34.157" classname="Test Cases/CursoKatalon/Variables_simples" status="PASSED">
         <system-out><![CDATA[2023-05-23 17:57:23 - [TEST_CASE][PASSED] - Test Cases/CursoKatalon/Variables_simples: Test Cases/CursoKatalon/Variables_simples

2023-05-23 17:57:23 - [TEST_STEP][PASSED] - Start listener action : executeRows: com.kms.katalon.keyword.testsuite.RerunKeyword.getListExecutedRows is PASSED

2023-05-23 17:57:23 - [MESSAGE][PASSED] - com.kms.katalon.keyword.testsuite.RerunKeyword.isStringBelongToList is PASSED

2023-05-23 17:57:25 - [MESSAGE][PASSED] - com.kms.katalon.keyword.testsuite.RerunKeyword.getListExecutedRows is PASSED

2023-05-23 17:57:28 - [TEST_STEP][PASSED] - openBrowser(""): Browser is opened with url: ''

2023-05-23 17:57:29 - [MESSAGE][INFO] - Starting 'Edge Chromium' driver

2023-05-23 17:57:31 - [MESSAGE][INFO] - Action delay is set to 0 milliseconds

2023-05-23 17:57:35 - [MESSAGE][PASSED] - Browser is opened with url: ''

2023-05-23 17:57:35 - [TEST_STEP][PASSED] - maximizeWindow(): Current window maximized

2023-05-23 17:57:36 - [MESSAGE][PASSED] - Current window maximized

2023-05-23 17:57:36 - [TEST_STEP][PASSED] - navigateToUrl("https://demoqa.com/webtables"): Navigate to 'https://demoqa.com/webtables' successfully

2023-05-23 17:57:39 - [MESSAGE][PASSED] - Navigate to 'https://demoqa.com/webtables' successfully

2023-05-23 17:57:39 - [TEST_STEP][PASSED] - click(findTestObject("Object Repository/Variables_simples/Page_DEMOQA/button_Add")): Object: 'Object Repository/Variables_simples/Page_DEMOQA/button_Add' is clicked on

2023-05-23 17:57:40 - [MESSAGE][PASSED] - Object: 'Object Repository/Variables_simples/Page_DEMOQA/button_Add' is clicked on

2023-05-23 17:57:40 - [TEST_STEP][PASSED] - setText(findTestObject("Object Repository/Variables_simples/Page_DEMOQA/input_First Name_firstName"), Nombre): Text 'alejandro1' is set on object 'Object Repository/Variables_simples/Page_DEMOQA/input_First Name_firstName'

2023-05-23 17:57:43 - [MESSAGE][PASSED] - Text 'alejandro1' is set on object 'Object Repository/Variables_simples/Page_DEMOQA/input_First Name_firstName'

2023-05-23 17:57:43 - [TEST_STEP][PASSED] - setText(findTestObject("Object Repository/Variables_simples/Page_DEMOQA/input_Last Name_lastName"), Apellido): Text 'canosa1' is set on object 'Object Repository/Variables_simples/Page_DEMOQA/input_Last Name_lastName'

2023-05-23 17:57:44 - [MESSAGE][PASSED] - Text 'canosa1' is set on object 'Object Repository/Variables_simples/Page_DEMOQA/input_Last Name_lastName'

2023-05-23 17:57:44 - [TEST_STEP][PASSED] - setText(findTestObject("Object Repository/Variables_simples/Page_DEMOQA/input_Email_userEmail"), Email): Text 'canosa1@msn.com' is set on object 'Object Repository/Variables_simples/Page_DEMOQA/input_Email_userEmail'

2023-05-23 17:57:46 - [MESSAGE][PASSED] - Text 'canosa1@msn.com' is set on object 'Object Repository/Variables_simples/Page_DEMOQA/input_Email_userEmail'

2023-05-23 17:57:46 - [TEST_STEP][PASSED] - setText(findTestObject("Object Repository/Variables_simples/Page_DEMOQA/input_Age_age"), Edad): Text '45' is set on object 'Object Repository/Variables_simples/Page_DEMOQA/input_Age_age'

2023-05-23 17:57:47 - [MESSAGE][PASSED] - Text '45' is set on object 'Object Repository/Variables_simples/Page_DEMOQA/input_Age_age'

2023-05-23 17:57:47 - [TEST_STEP][PASSED] - setText(findTestObject("Object Repository/Variables_simples/Page_DEMOQA/input_Salary_salary"), Salario): Text '30000' is set on object 'Object Repository/Variables_simples/Page_DEMOQA/input_Salary_salary'

2023-05-23 17:57:48 - [MESSAGE][PASSED] - Text '30000' is set on object 'Object Repository/Variables_simples/Page_DEMOQA/input_Salary_salary'

2023-05-23 17:57:48 - [TEST_STEP][PASSED] - setText(findTestObject("Object Repository/Variables_simples/Page_DEMOQA/input_Department_department"), Departamento): Text 'QA' is set on object 'Object Repository/Variables_simples/Page_DEMOQA/input_Department_department'

2023-05-23 17:57:49 - [MESSAGE][PASSED] - Text 'QA' is set on object 'Object Repository/Variables_simples/Page_DEMOQA/input_Department_department'

2023-05-23 17:57:49 - [TEST_STEP][PASSED] - click(findTestObject("Object Repository/Variables_simples/Page_DEMOQA/button_Submit")): Object: 'Object Repository/Variables_simples/Page_DEMOQA/button_Submit' is clicked on

2023-05-23 17:57:50 - [MESSAGE][PASSED] - Object: 'Object Repository/Variables_simples/Page_DEMOQA/button_Submit' is clicked on

2023-05-23 17:57:50 - [TEST_STEP][PASSED] - setText(findTestObject("Object Repository/Variables_simples/Page_DEMOQA/input_Add_searchBox"), TextoaBuscar): Text 'alejandro1' is set on object 'Object Repository/Variables_simples/Page_DEMOQA/input_Add_searchBox'

2023-05-23 17:57:51 - [MESSAGE][PASSED] - Text 'alejandro1' is set on object 'Object Repository/Variables_simples/Page_DEMOQA/input_Add_searchBox'

2023-05-23 17:57:51 - [TEST_STEP][PASSED] - click(findTestObject("Object Repository/Variables_simples/Page_DEMOQA/svg")): Object: 'Object Repository/Variables_simples/Page_DEMOQA/svg' is clicked on

2023-05-23 17:57:52 - [MESSAGE][PASSED] - Object: 'Object Repository/Variables_simples/Page_DEMOQA/svg' is clicked on

2023-05-23 17:57:52 - [TEST_STEP][PASSED] - textoBuscado = getText(findTestObject("Object Repository/Variables_simples/Page_DEMOQA/div_alejandro"), CONTINUE_ON_FAILURE): Text of object 'Object Repository/Variables_simples/Page_DEMOQA/div_alejandro' is: 'alejandro1'

2023-05-23 17:57:52 - [MESSAGE][PASSED] - Text of object 'Object Repository/Variables_simples/Page_DEMOQA/div_alejandro' is: 'alejandro1'

2023-05-23 17:57:52 - [TEST_STEP][PASSED] - delay(DelayCorto): Delayed 1 second(s)

2023-05-23 17:57:54 - [MESSAGE][PASSED] - Delayed 1 second(s)

2023-05-23 17:57:54 - [TEST_STEP][PASSED] - verifyMatch(TextoaBuscar, TextoaBuscar, true): Actual text 'alejandro1' and expected text 'alejandro1' are matched  using regular expression

2023-05-23 17:57:54 - [MESSAGE][PASSED] - Actual text 'alejandro1' and expected text 'alejandro1' are matched  using regular expression

2023-05-23 17:57:54 - [TEST_STEP][PASSED] - closeBrowser(): Browser is closed

2023-05-23 17:57:55 - [MESSAGE][PASSED] - Browser is closed

2023-05-23 17:57:55 - [TEST_STEP][PASSED] - Start listener action : sampleAfterTestCase: null

2023-05-23 17:57:55 - [TEST_STEP][PASSED] - Start listener action : addFailedTCToList: com.kms.katalon.keyword.testsuite.RerunKeyword.isStringBelongToList is PASSED

2023-05-23 17:57:55 - [MESSAGE][PASSED] - com.kms.katalon.keyword.testsuite.RerunKeyword.isStringBelongToList is PASSED

2023-05-23 17:57:57 - [TEST_STEP][PASSED] - Video: Video recording for test case 'Test Cases/CursoKatalon/Variables_simples' .

2023-05-23 17:57:57 - [MESSAGE][INFO] - Video recording for test case 'Test Cases/CursoKatalon/Variables_simples' .]]></system-out>
         <system-err><![CDATA[]]></system-err>
      </testcase>
      <testcase name="Test Cases/CursoKatalon/Variables_simples" time="37.916" classname="Test Cases/CursoKatalon/Variables_simples" status="PASSED">
         <system-out><![CDATA[2023-05-23 17:57:58 - [TEST_CASE][PASSED] - Test Cases/CursoKatalon/Variables_simples: Test Cases/CursoKatalon/Variables_simples

2023-05-23 17:57:58 - [TEST_STEP][PASSED] - Start listener action : executeRows: com.kms.katalon.keyword.testsuite.RerunKeyword.getListExecutedRows is PASSED

2023-05-23 17:57:58 - [MESSAGE][PASSED] - com.kms.katalon.keyword.testsuite.RerunKeyword.isStringBelongToList is PASSED

2023-05-23 17:57:58 - [MESSAGE][PASSED] - com.kms.katalon.keyword.testsuite.RerunKeyword.getListExecutedRows is PASSED

2023-05-23 17:57:58 - [TEST_STEP][PASSED] - openBrowser(""): Browser is opened with url: ''

2023-05-23 17:57:58 - [MESSAGE][INFO] - Starting 'Edge Chromium' driver

2023-05-23 17:57:58 - [MESSAGE][INFO] - Action delay is set to 0 milliseconds

2023-05-23 17:58:00 - [MESSAGE][PASSED] - Browser is opened with url: ''

2023-05-23 17:58:00 - [TEST_STEP][PASSED] - maximizeWindow(): Current window maximized

2023-05-23 17:58:00 - [MESSAGE][PASSED] - Current window maximized

2023-05-23 17:58:00 - [TEST_STEP][PASSED] - navigateToUrl("https://demoqa.com/webtables"): Navigate to 'https://demoqa.com/webtables' successfully

2023-05-23 17:58:03 - [MESSAGE][PASSED] - Navigate to 'https://demoqa.com/webtables' successfully

2023-05-23 17:58:03 - [TEST_STEP][PASSED] - click(findTestObject("Object Repository/Variables_simples/Page_DEMOQA/button_Add")): Object: 'Object Repository/Variables_simples/Page_DEMOQA/button_Add' is clicked on

2023-05-23 17:58:21 - [MESSAGE][PASSED] - Object: 'Object Repository/Variables_simples/Page_DEMOQA/button_Add' is clicked on

2023-05-23 17:58:21 - [TEST_STEP][PASSED] - setText(findTestObject("Object Repository/Variables_simples/Page_DEMOQA/input_First Name_firstName"), Nombre): Text 'alejandro2' is set on object 'Object Repository/Variables_simples/Page_DEMOQA/input_First Name_firstName'

2023-05-23 17:58:22 - [MESSAGE][PASSED] - Text 'alejandro2' is set on object 'Object Repository/Variables_simples/Page_DEMOQA/input_First Name_firstName'

2023-05-23 17:58:22 - [TEST_STEP][PASSED] - setText(findTestObject("Object Repository/Variables_simples/Page_DEMOQA/input_Last Name_lastName"), Apellido): Text 'canosa2' is set on object 'Object Repository/Variables_simples/Page_DEMOQA/input_Last Name_lastName'

2023-05-23 17:58:23 - [MESSAGE][PASSED] - Text 'canosa2' is set on object 'Object Repository/Variables_simples/Page_DEMOQA/input_Last Name_lastName'

2023-05-23 17:58:23 - [TEST_STEP][PASSED] - setText(findTestObject("Object Repository/Variables_simples/Page_DEMOQA/input_Email_userEmail"), Email): Text 'canosa1@msn.com' is set on object 'Object Repository/Variables_simples/Page_DEMOQA/input_Email_userEmail'

2023-05-23 17:58:24 - [MESSAGE][PASSED] - Text 'canosa1@msn.com' is set on object 'Object Repository/Variables_simples/Page_DEMOQA/input_Email_userEmail'

2023-05-23 17:58:24 - [TEST_STEP][PASSED] - setText(findTestObject("Object Repository/Variables_simples/Page_DEMOQA/input_Age_age"), Edad): Text '45' is set on object 'Object Repository/Variables_simples/Page_DEMOQA/input_Age_age'

2023-05-23 17:58:25 - [MESSAGE][PASSED] - Text '45' is set on object 'Object Repository/Variables_simples/Page_DEMOQA/input_Age_age'

2023-05-23 17:58:25 - [TEST_STEP][PASSED] - setText(findTestObject("Object Repository/Variables_simples/Page_DEMOQA/input_Salary_salary"), Salario): Text '30000' is set on object 'Object Repository/Variables_simples/Page_DEMOQA/input_Salary_salary'

2023-05-23 17:58:26 - [MESSAGE][PASSED] - Text '30000' is set on object 'Object Repository/Variables_simples/Page_DEMOQA/input_Salary_salary'

2023-05-23 17:58:26 - [TEST_STEP][PASSED] - setText(findTestObject("Object Repository/Variables_simples/Page_DEMOQA/input_Department_department"), Departamento): Text 'Desarrollo' is set on object 'Object Repository/Variables_simples/Page_DEMOQA/input_Department_department'

2023-05-23 17:58:28 - [MESSAGE][PASSED] - Text 'Desarrollo' is set on object 'Object Repository/Variables_simples/Page_DEMOQA/input_Department_department'

2023-05-23 17:58:28 - [TEST_STEP][PASSED] - click(findTestObject("Object Repository/Variables_simples/Page_DEMOQA/button_Submit")): Object: 'Object Repository/Variables_simples/Page_DEMOQA/button_Submit' is clicked on

2023-05-23 17:58:29 - [MESSAGE][PASSED] - Object: 'Object Repository/Variables_simples/Page_DEMOQA/button_Submit' is clicked on

2023-05-23 17:58:29 - [TEST_STEP][PASSED] - setText(findTestObject("Object Repository/Variables_simples/Page_DEMOQA/input_Add_searchBox"), TextoaBuscar): Text 'alejandro2' is set on object 'Object Repository/Variables_simples/Page_DEMOQA/input_Add_searchBox'

2023-05-23 17:58:30 - [MESSAGE][PASSED] - Text 'alejandro2' is set on object 'Object Repository/Variables_simples/Page_DEMOQA/input_Add_searchBox'

2023-05-23 17:58:30 - [TEST_STEP][PASSED] - click(findTestObject("Object Repository/Variables_simples/Page_DEMOQA/svg")): Object: 'Object Repository/Variables_simples/Page_DEMOQA/svg' is clicked on

2023-05-23 17:58:30 - [MESSAGE][PASSED] - Object: 'Object Repository/Variables_simples/Page_DEMOQA/svg' is clicked on

2023-05-23 17:58:30 - [TEST_STEP][PASSED] - textoBuscado = getText(findTestObject("Object Repository/Variables_simples/Page_DEMOQA/div_alejandro"), CONTINUE_ON_FAILURE): Text of object 'Object Repository/Variables_simples/Page_DEMOQA/div_alejandro' is: 'alejandro2'

2023-05-23 17:58:31 - [MESSAGE][PASSED] - Text of object 'Object Repository/Variables_simples/Page_DEMOQA/div_alejandro' is: 'alejandro2'

2023-05-23 17:58:31 - [TEST_STEP][PASSED] - delay(DelayCorto): Delayed 1 second(s)

2023-05-23 17:58:32 - [MESSAGE][PASSED] - Delayed 1 second(s)

2023-05-23 17:58:32 - [TEST_STEP][PASSED] - verifyMatch(TextoaBuscar, TextoaBuscar, true): Actual text 'alejandro2' and expected text 'alejandro2' are matched  using regular expression

2023-05-23 17:58:32 - [MESSAGE][PASSED] - Actual text 'alejandro2' and expected text 'alejandro2' are matched  using regular expression

2023-05-23 17:58:32 - [TEST_STEP][PASSED] - closeBrowser(): Browser is closed

2023-05-23 17:58:33 - [MESSAGE][PASSED] - Browser is closed

2023-05-23 17:58:33 - [TEST_STEP][PASSED] - Start listener action : sampleAfterTestCase: null

2023-05-23 17:58:33 - [TEST_STEP][PASSED] - Start listener action : addFailedTCToList: com.kms.katalon.keyword.testsuite.RerunKeyword.isStringBelongToList is PASSED

2023-05-23 17:58:33 - [MESSAGE][PASSED] - com.kms.katalon.keyword.testsuite.RerunKeyword.isStringBelongToList is PASSED

2023-05-23 17:58:35 - [TEST_STEP][PASSED] - Video: Video recording for test case 'Test Cases/CursoKatalon/Variables_simples' .

2023-05-23 17:58:35 - [MESSAGE][INFO] - Video recording for test case 'Test Cases/CursoKatalon/Variables_simples' .]]></system-out>
         <system-err><![CDATA[]]></system-err>
      </testcase>
      <testcase name="Test Cases/CursoKatalon/Variables_simples" time="23.887" classname="Test Cases/CursoKatalon/Variables_simples" status="PASSED">
         <system-out><![CDATA[2023-05-23 17:58:36 - [TEST_CASE][PASSED] - Test Cases/CursoKatalon/Variables_simples: Test Cases/CursoKatalon/Variables_simples

2023-05-23 17:58:36 - [TEST_STEP][PASSED] - Start listener action : executeRows: com.kms.katalon.keyword.testsuite.RerunKeyword.getListExecutedRows is PASSED

2023-05-23 17:58:36 - [MESSAGE][PASSED] - com.kms.katalon.keyword.testsuite.RerunKeyword.isStringBelongToList is PASSED

2023-05-23 17:58:36 - [MESSAGE][PASSED] - com.kms.katalon.keyword.testsuite.RerunKeyword.getListExecutedRows is PASSED

2023-05-23 17:58:36 - [TEST_STEP][PASSED] - openBrowser(""): Browser is opened with url: ''

2023-05-23 17:58:36 - [MESSAGE][INFO] - Starting 'Edge Chromium' driver

2023-05-23 17:58:36 - [MESSAGE][INFO] - Action delay is set to 0 milliseconds

2023-05-23 17:58:38 - [MESSAGE][PASSED] - Browser is opened with url: ''

2023-05-23 17:58:38 - [TEST_STEP][PASSED] - maximizeWindow(): Current window maximized

2023-05-23 17:58:38 - [MESSAGE][PASSED] - Current window maximized

2023-05-23 17:58:38 - [TEST_STEP][PASSED] - navigateToUrl("https://demoqa.com/webtables"): Navigate to 'https://demoqa.com/webtables' successfully

2023-05-23 17:58:43 - [MESSAGE][PASSED] - Navigate to 'https://demoqa.com/webtables' successfully

2023-05-23 17:58:43 - [TEST_STEP][PASSED] - click(findTestObject("Object Repository/Variables_simples/Page_DEMOQA/button_Add")): Object: 'Object Repository/Variables_simples/Page_DEMOQA/button_Add' is clicked on

2023-05-23 17:58:44 - [MESSAGE][PASSED] - Object: 'Object Repository/Variables_simples/Page_DEMOQA/button_Add' is clicked on

2023-05-23 17:58:44 - [TEST_STEP][PASSED] - setText(findTestObject("Object Repository/Variables_simples/Page_DEMOQA/input_First Name_firstName"), Nombre): Text 'alejandro3' is set on object 'Object Repository/Variables_simples/Page_DEMOQA/input_First Name_firstName'

2023-05-23 17:58:45 - [MESSAGE][PASSED] - Text 'alejandro3' is set on object 'Object Repository/Variables_simples/Page_DEMOQA/input_First Name_firstName'

2023-05-23 17:58:45 - [TEST_STEP][PASSED] - setText(findTestObject("Object Repository/Variables_simples/Page_DEMOQA/input_Last Name_lastName"), Apellido): Text 'canosa3' is set on object 'Object Repository/Variables_simples/Page_DEMOQA/input_Last Name_lastName'

2023-05-23 17:58:47 - [MESSAGE][PASSED] - Text 'canosa3' is set on object 'Object Repository/Variables_simples/Page_DEMOQA/input_Last Name_lastName'

2023-05-23 17:58:47 - [TEST_STEP][PASSED] - setText(findTestObject("Object Repository/Variables_simples/Page_DEMOQA/input_Email_userEmail"), Email): Text 'canosa1@msn.com' is set on object 'Object Repository/Variables_simples/Page_DEMOQA/input_Email_userEmail'

2023-05-23 17:58:49 - [MESSAGE][PASSED] - Text 'canosa1@msn.com' is set on object 'Object Repository/Variables_simples/Page_DEMOQA/input_Email_userEmail'

2023-05-23 17:58:49 - [TEST_STEP][PASSED] - setText(findTestObject("Object Repository/Variables_simples/Page_DEMOQA/input_Age_age"), Edad): Text '45' is set on object 'Object Repository/Variables_simples/Page_DEMOQA/input_Age_age'

2023-05-23 17:58:50 - [MESSAGE][PASSED] - Text '45' is set on object 'Object Repository/Variables_simples/Page_DEMOQA/input_Age_age'

2023-05-23 17:58:50 - [TEST_STEP][PASSED] - setText(findTestObject("Object Repository/Variables_simples/Page_DEMOQA/input_Salary_salary"), Salario): Text '30000' is set on object 'Object Repository/Variables_simples/Page_DEMOQA/input_Salary_salary'

2023-05-23 17:58:51 - [MESSAGE][PASSED] - Text '30000' is set on object 'Object Repository/Variables_simples/Page_DEMOQA/input_Salary_salary'

2023-05-23 17:58:51 - [TEST_STEP][PASSED] - setText(findTestObject("Object Repository/Variables_simples/Page_DEMOQA/input_Department_department"), Departamento): Text 'Desarrollo' is set on object 'Object Repository/Variables_simples/Page_DEMOQA/input_Department_department'

2023-05-23 17:58:52 - [MESSAGE][PASSED] - Text 'Desarrollo' is set on object 'Object Repository/Variables_simples/Page_DEMOQA/input_Department_department'

2023-05-23 17:58:52 - [TEST_STEP][PASSED] - click(findTestObject("Object Repository/Variables_simples/Page_DEMOQA/button_Submit")): Object: 'Object Repository/Variables_simples/Page_DEMOQA/button_Submit' is clicked on

2023-05-23 17:58:52 - [MESSAGE][PASSED] - Object: 'Object Repository/Variables_simples/Page_DEMOQA/button_Submit' is clicked on

2023-05-23 17:58:52 - [TEST_STEP][PASSED] - setText(findTestObject("Object Repository/Variables_simples/Page_DEMOQA/input_Add_searchBox"), TextoaBuscar): Text 'alejandro3' is set on object 'Object Repository/Variables_simples/Page_DEMOQA/input_Add_searchBox'

2023-05-23 17:58:54 - [MESSAGE][PASSED] - Text 'alejandro3' is set on object 'Object Repository/Variables_simples/Page_DEMOQA/input_Add_searchBox'

2023-05-23 17:58:54 - [TEST_STEP][PASSED] - click(findTestObject("Object Repository/Variables_simples/Page_DEMOQA/svg")): Object: 'Object Repository/Variables_simples/Page_DEMOQA/svg' is clicked on

2023-05-23 17:58:55 - [MESSAGE][PASSED] - Object: 'Object Repository/Variables_simples/Page_DEMOQA/svg' is clicked on

2023-05-23 17:58:55 - [TEST_STEP][PASSED] - textoBuscado = getText(findTestObject("Object Repository/Variables_simples/Page_DEMOQA/div_alejandro"), CONTINUE_ON_FAILURE): Text of object 'Object Repository/Variables_simples/Page_DEMOQA/div_alejandro' is: 'alejandro3'

2023-05-23 17:58:55 - [MESSAGE][PASSED] - Text of object 'Object Repository/Variables_simples/Page_DEMOQA/div_alejandro' is: 'alejandro3'

2023-05-23 17:58:55 - [TEST_STEP][PASSED] - delay(DelayCorto): Delayed 1 second(s)

2023-05-23 17:58:56 - [MESSAGE][PASSED] - Delayed 1 second(s)

2023-05-23 17:58:56 - [TEST_STEP][PASSED] - verifyMatch(TextoaBuscar, TextoaBuscar, true): Actual text 'alejandro3' and expected text 'alejandro3' are matched  using regular expression

2023-05-23 17:58:56 - [MESSAGE][PASSED] - Actual text 'alejandro3' and expected text 'alejandro3' are matched  using regular expression

2023-05-23 17:58:56 - [TEST_STEP][PASSED] - closeBrowser(): Browser is closed

2023-05-23 17:58:57 - [MESSAGE][PASSED] - Browser is closed

2023-05-23 17:58:57 - [TEST_STEP][PASSED] - Start listener action : sampleAfterTestCase: null

2023-05-23 17:58:57 - [TEST_STEP][PASSED] - Start listener action : addFailedTCToList: com.kms.katalon.keyword.testsuite.RerunKeyword.isStringBelongToList is PASSED

2023-05-23 17:58:57 - [MESSAGE][PASSED] - com.kms.katalon.keyword.testsuite.RerunKeyword.isStringBelongToList is PASSED

2023-05-23 17:59:00 - [TEST_STEP][PASSED] - Video: Video recording for test case 'Test Cases/CursoKatalon/Variables_simples' .

2023-05-23 17:59:00 - [MESSAGE][INFO] - Video recording for test case 'Test Cases/CursoKatalon/Variables_simples' .]]></system-out>
         <system-err><![CDATA[]]></system-err>
      </testcase>
      <testcase name="Test Cases/CursoKatalon/Variables_simples" time="28.299" classname="Test Cases/CursoKatalon/Variables_simples" status="PASSED">
         <system-out><![CDATA[2023-05-23 17:59:00 - [TEST_CASE][PASSED] - Test Cases/CursoKatalon/Variables_simples: Test Cases/CursoKatalon/Variables_simples

2023-05-23 17:59:00 - [TEST_STEP][PASSED] - Start listener action : executeRows: com.kms.katalon.keyword.testsuite.RerunKeyword.getListExecutedRows is PASSED

2023-05-23 17:59:00 - [MESSAGE][PASSED] - com.kms.katalon.keyword.testsuite.RerunKeyword.isStringBelongToList is PASSED

2023-05-23 17:59:00 - [MESSAGE][PASSED] - com.kms.katalon.keyword.testsuite.RerunKeyword.getListExecutedRows is PASSED

2023-05-23 17:59:00 - [TEST_STEP][PASSED] - openBrowser(""): Browser is opened with url: ''

2023-05-23 17:59:00 - [MESSAGE][INFO] - Starting 'Edge Chromium' driver

2023-05-23 17:59:01 - [MESSAGE][INFO] - Action delay is set to 0 milliseconds

2023-05-23 17:59:03 - [MESSAGE][PASSED] - Browser is opened with url: ''

2023-05-23 17:59:03 - [TEST_STEP][PASSED] - maximizeWindow(): Current window maximized

2023-05-23 17:59:03 - [MESSAGE][PASSED] - Current window maximized

2023-05-23 17:59:03 - [TEST_STEP][PASSED] - navigateToUrl("https://demoqa.com/webtables"): Navigate to 'https://demoqa.com/webtables' successfully

2023-05-23 17:59:05 - [MESSAGE][PASSED] - Navigate to 'https://demoqa.com/webtables' successfully

2023-05-23 17:59:05 - [TEST_STEP][PASSED] - click(findTestObject("Object Repository/Variables_simples/Page_DEMOQA/button_Add")): Object: 'Object Repository/Variables_simples/Page_DEMOQA/button_Add' is clicked on

2023-05-23 17:59:15 - [MESSAGE][PASSED] - Object: 'Object Repository/Variables_simples/Page_DEMOQA/button_Add' is clicked on

2023-05-23 17:59:15 - [TEST_STEP][PASSED] - setText(findTestObject("Object Repository/Variables_simples/Page_DEMOQA/input_First Name_firstName"), Nombre): Text 'alejandro4' is set on object 'Object Repository/Variables_simples/Page_DEMOQA/input_First Name_firstName'

2023-05-23 17:59:16 - [MESSAGE][PASSED] - Text 'alejandro4' is set on object 'Object Repository/Variables_simples/Page_DEMOQA/input_First Name_firstName'

2023-05-23 17:59:16 - [TEST_STEP][PASSED] - setText(findTestObject("Object Repository/Variables_simples/Page_DEMOQA/input_Last Name_lastName"), Apellido): Text 'canosa4' is set on object 'Object Repository/Variables_simples/Page_DEMOQA/input_Last Name_lastName'

2023-05-23 17:59:17 - [MESSAGE][PASSED] - Text 'canosa4' is set on object 'Object Repository/Variables_simples/Page_DEMOQA/input_Last Name_lastName'

2023-05-23 17:59:17 - [TEST_STEP][PASSED] - setText(findTestObject("Object Repository/Variables_simples/Page_DEMOQA/input_Email_userEmail"), Email): Text 'canosa1@msn.com' is set on object 'Object Repository/Variables_simples/Page_DEMOQA/input_Email_userEmail'

2023-05-23 17:59:18 - [MESSAGE][PASSED] - Text 'canosa1@msn.com' is set on object 'Object Repository/Variables_simples/Page_DEMOQA/input_Email_userEmail'

2023-05-23 17:59:18 - [TEST_STEP][PASSED] - setText(findTestObject("Object Repository/Variables_simples/Page_DEMOQA/input_Age_age"), Edad): Text '45' is set on object 'Object Repository/Variables_simples/Page_DEMOQA/input_Age_age'

2023-05-23 17:59:19 - [MESSAGE][PASSED] - Text '45' is set on object 'Object Repository/Variables_simples/Page_DEMOQA/input_Age_age'

2023-05-23 17:59:19 - [TEST_STEP][PASSED] - setText(findTestObject("Object Repository/Variables_simples/Page_DEMOQA/input_Salary_salary"), Salario): Text '30000' is set on object 'Object Repository/Variables_simples/Page_DEMOQA/input_Salary_salary'

2023-05-23 17:59:20 - [MESSAGE][PASSED] - Text '30000' is set on object 'Object Repository/Variables_simples/Page_DEMOQA/input_Salary_salary'

2023-05-23 17:59:20 - [TEST_STEP][PASSED] - setText(findTestObject("Object Repository/Variables_simples/Page_DEMOQA/input_Department_department"), Departamento): Text 'Desarrollo' is set on object 'Object Repository/Variables_simples/Page_DEMOQA/input_Department_department'

2023-05-23 17:59:21 - [MESSAGE][PASSED] - Text 'Desarrollo' is set on object 'Object Repository/Variables_simples/Page_DEMOQA/input_Department_department'

2023-05-23 17:59:21 - [TEST_STEP][PASSED] - click(findTestObject("Object Repository/Variables_simples/Page_DEMOQA/button_Submit")): Object: 'Object Repository/Variables_simples/Page_DEMOQA/button_Submit' is clicked on

2023-05-23 17:59:22 - [MESSAGE][PASSED] - Object: 'Object Repository/Variables_simples/Page_DEMOQA/button_Submit' is clicked on

2023-05-23 17:59:22 - [TEST_STEP][PASSED] - setText(findTestObject("Object Repository/Variables_simples/Page_DEMOQA/input_Add_searchBox"), TextoaBuscar): Text 'alejandro4' is set on object 'Object Repository/Variables_simples/Page_DEMOQA/input_Add_searchBox'

2023-05-23 17:59:23 - [MESSAGE][PASSED] - Text 'alejandro4' is set on object 'Object Repository/Variables_simples/Page_DEMOQA/input_Add_searchBox'

2023-05-23 17:59:23 - [TEST_STEP][PASSED] - click(findTestObject("Object Repository/Variables_simples/Page_DEMOQA/svg")): Object: 'Object Repository/Variables_simples/Page_DEMOQA/svg' is clicked on

2023-05-23 17:59:24 - [MESSAGE][PASSED] - Object: 'Object Repository/Variables_simples/Page_DEMOQA/svg' is clicked on

2023-05-23 17:59:24 - [TEST_STEP][PASSED] - textoBuscado = getText(findTestObject("Object Repository/Variables_simples/Page_DEMOQA/div_alejandro"), CONTINUE_ON_FAILURE): Text of object 'Object Repository/Variables_simples/Page_DEMOQA/div_alejandro' is: 'alejandro4'

2023-05-23 17:59:24 - [MESSAGE][PASSED] - Text of object 'Object Repository/Variables_simples/Page_DEMOQA/div_alejandro' is: 'alejandro4'

2023-05-23 17:59:24 - [TEST_STEP][PASSED] - delay(DelayCorto): Delayed 1 second(s)

2023-05-23 17:59:25 - [MESSAGE][PASSED] - Delayed 1 second(s)

2023-05-23 17:59:25 - [TEST_STEP][PASSED] - verifyMatch(TextoaBuscar, TextoaBuscar, true): Actual text 'alejandro4' and expected text 'alejandro4' are matched  using regular expression

2023-05-23 17:59:25 - [MESSAGE][PASSED] - Actual text 'alejandro4' and expected text 'alejandro4' are matched  using regular expression

2023-05-23 17:59:25 - [TEST_STEP][PASSED] - closeBrowser(): Browser is closed

2023-05-23 17:59:26 - [MESSAGE][PASSED] - Browser is closed

2023-05-23 17:59:26 - [TEST_STEP][PASSED] - Start listener action : sampleAfterTestCase: null

2023-05-23 17:59:26 - [TEST_STEP][PASSED] - Start listener action : addFailedTCToList: com.kms.katalon.keyword.testsuite.RerunKeyword.isStringBelongToList is PASSED

2023-05-23 17:59:26 - [MESSAGE][PASSED] - com.kms.katalon.keyword.testsuite.RerunKeyword.isStringBelongToList is PASSED

2023-05-23 17:59:28 - [TEST_STEP][PASSED] - Video: Video recording for test case 'Test Cases/CursoKatalon/Variables_simples' .

2023-05-23 17:59:28 - [MESSAGE][INFO] - Video recording for test case 'Test Cases/CursoKatalon/Variables_simples' .]]></system-out>
         <system-err><![CDATA[]]></system-err>
      </testcase>
      <testcase name="Test Cases/CursoKatalon/Variables_simples" time="21.726" classname="Test Cases/CursoKatalon/Variables_simples" status="PASSED">
         <system-out><![CDATA[2023-05-23 17:59:29 - [TEST_CASE][PASSED] - Test Cases/CursoKatalon/Variables_simples: Test Cases/CursoKatalon/Variables_simples

2023-05-23 17:59:29 - [TEST_STEP][PASSED] - Start listener action : executeRows: com.kms.katalon.keyword.testsuite.RerunKeyword.getListExecutedRows is PASSED

2023-05-23 17:59:29 - [MESSAGE][PASSED] - com.kms.katalon.keyword.testsuite.RerunKeyword.isStringBelongToList is PASSED

2023-05-23 17:59:29 - [MESSAGE][PASSED] - com.kms.katalon.keyword.testsuite.RerunKeyword.getListExecutedRows is PASSED

2023-05-23 17:59:29 - [TEST_STEP][PASSED] - openBrowser(""): Browser is opened with url: ''

2023-05-23 17:59:29 - [MESSAGE][INFO] - Starting 'Edge Chromium' driver

2023-05-23 17:59:30 - [MESSAGE][INFO] - Action delay is set to 0 milliseconds

2023-05-23 17:59:31 - [MESSAGE][PASSED] - Browser is opened with url: ''

2023-05-23 17:59:31 - [TEST_STEP][PASSED] - maximizeWindow(): Current window maximized

2023-05-23 17:59:31 - [MESSAGE][PASSED] - Current window maximized

2023-05-23 17:59:31 - [TEST_STEP][PASSED] - navigateToUrl("https://demoqa.com/webtables"): Navigate to 'https://demoqa.com/webtables' successfully

2023-05-23 17:59:34 - [MESSAGE][PASSED] - Navigate to 'https://demoqa.com/webtables' successfully

2023-05-23 17:59:34 - [TEST_STEP][PASSED] - click(findTestObject("Object Repository/Variables_simples/Page_DEMOQA/button_Add")): Object: 'Object Repository/Variables_simples/Page_DEMOQA/button_Add' is clicked on

2023-05-23 17:59:35 - [MESSAGE][PASSED] - Object: 'Object Repository/Variables_simples/Page_DEMOQA/button_Add' is clicked on

2023-05-23 17:59:35 - [TEST_STEP][PASSED] - setText(findTestObject("Object Repository/Variables_simples/Page_DEMOQA/input_First Name_firstName"), Nombre): Text 'alejandro5' is set on object 'Object Repository/Variables_simples/Page_DEMOQA/input_First Name_firstName'

2023-05-23 17:59:37 - [MESSAGE][PASSED] - Text 'alejandro5' is set on object 'Object Repository/Variables_simples/Page_DEMOQA/input_First Name_firstName'

2023-05-23 17:59:37 - [TEST_STEP][PASSED] - setText(findTestObject("Object Repository/Variables_simples/Page_DEMOQA/input_Last Name_lastName"), Apellido): Text 'canosa5' is set on object 'Object Repository/Variables_simples/Page_DEMOQA/input_Last Name_lastName'

2023-05-23 17:59:38 - [MESSAGE][PASSED] - Text 'canosa5' is set on object 'Object Repository/Variables_simples/Page_DEMOQA/input_Last Name_lastName'

2023-05-23 17:59:38 - [TEST_STEP][PASSED] - setText(findTestObject("Object Repository/Variables_simples/Page_DEMOQA/input_Email_userEmail"), Email): Text 'canosa1@msn.com' is set on object 'Object Repository/Variables_simples/Page_DEMOQA/input_Email_userEmail'

2023-05-23 17:59:40 - [MESSAGE][PASSED] - Text 'canosa1@msn.com' is set on object 'Object Repository/Variables_simples/Page_DEMOQA/input_Email_userEmail'

2023-05-23 17:59:40 - [TEST_STEP][PASSED] - setText(findTestObject("Object Repository/Variables_simples/Page_DEMOQA/input_Age_age"), Edad): Text '45' is set on object 'Object Repository/Variables_simples/Page_DEMOQA/input_Age_age'

2023-05-23 17:59:41 - [MESSAGE][PASSED] - Text '45' is set on object 'Object Repository/Variables_simples/Page_DEMOQA/input_Age_age'

2023-05-23 17:59:41 - [TEST_STEP][PASSED] - setText(findTestObject("Object Repository/Variables_simples/Page_DEMOQA/input_Salary_salary"), Salario): Text '30000' is set on object 'Object Repository/Variables_simples/Page_DEMOQA/input_Salary_salary'

2023-05-23 17:59:42 - [MESSAGE][PASSED] - Text '30000' is set on object 'Object Repository/Variables_simples/Page_DEMOQA/input_Salary_salary'

2023-05-23 17:59:42 - [TEST_STEP][PASSED] - setText(findTestObject("Object Repository/Variables_simples/Page_DEMOQA/input_Department_department"), Departamento): Text 'Desarrollo' is set on object 'Object Repository/Variables_simples/Page_DEMOQA/input_Department_department'

2023-05-23 17:59:43 - [MESSAGE][PASSED] - Text 'Desarrollo' is set on object 'Object Repository/Variables_simples/Page_DEMOQA/input_Department_department'

2023-05-23 17:59:43 - [TEST_STEP][PASSED] - click(findTestObject("Object Repository/Variables_simples/Page_DEMOQA/button_Submit")): Object: 'Object Repository/Variables_simples/Page_DEMOQA/button_Submit' is clicked on

2023-05-23 17:59:43 - [MESSAGE][PASSED] - Object: 'Object Repository/Variables_simples/Page_DEMOQA/button_Submit' is clicked on

2023-05-23 17:59:43 - [TEST_STEP][PASSED] - setText(findTestObject("Object Repository/Variables_simples/Page_DEMOQA/input_Add_searchBox"), TextoaBuscar): Text 'alejandro5' is set on object 'Object Repository/Variables_simples/Page_DEMOQA/input_Add_searchBox'

2023-05-23 17:59:45 - [MESSAGE][PASSED] - Text 'alejandro5' is set on object 'Object Repository/Variables_simples/Page_DEMOQA/input_Add_searchBox'

2023-05-23 17:59:45 - [TEST_STEP][PASSED] - click(findTestObject("Object Repository/Variables_simples/Page_DEMOQA/svg")): Object: 'Object Repository/Variables_simples/Page_DEMOQA/svg' is clicked on

2023-05-23 17:59:46 - [MESSAGE][PASSED] - Object: 'Object Repository/Variables_simples/Page_DEMOQA/svg' is clicked on

2023-05-23 17:59:46 - [TEST_STEP][PASSED] - textoBuscado = getText(findTestObject("Object Repository/Variables_simples/Page_DEMOQA/div_alejandro"), CONTINUE_ON_FAILURE): Text of object 'Object Repository/Variables_simples/Page_DEMOQA/div_alejandro' is: 'alejandro5'

2023-05-23 17:59:46 - [MESSAGE][PASSED] - Text of object 'Object Repository/Variables_simples/Page_DEMOQA/div_alejandro' is: 'alejandro5'

2023-05-23 17:59:46 - [TEST_STEP][PASSED] - delay(DelayCorto): Delayed 1 second(s)

2023-05-23 17:59:47 - [MESSAGE][PASSED] - Delayed 1 second(s)

2023-05-23 17:59:47 - [TEST_STEP][PASSED] - verifyMatch(TextoaBuscar, TextoaBuscar, true): Actual text 'alejandro5' and expected text 'alejandro5' are matched  using regular expression

2023-05-23 17:59:47 - [MESSAGE][PASSED] - Actual text 'alejandro5' and expected text 'alejandro5' are matched  using regular expression

2023-05-23 17:59:47 - [TEST_STEP][PASSED] - closeBrowser(): Browser is closed

2023-05-23 17:59:49 - [MESSAGE][PASSED] - Browser is closed

2023-05-23 17:59:49 - [TEST_STEP][PASSED] - Start listener action : sampleAfterTestCase: null

2023-05-23 17:59:49 - [TEST_STEP][PASSED] - Start listener action : addFailedTCToList: com.kms.katalon.keyword.testsuite.RerunKeyword.isStringBelongToList is PASSED

2023-05-23 17:59:49 - [MESSAGE][PASSED] - com.kms.katalon.keyword.testsuite.RerunKeyword.isStringBelongToList is PASSED

2023-05-23 17:59:51 - [TEST_STEP][PASSED] - Video: Video recording for test case 'Test Cases/CursoKatalon/Variables_simples' .

2023-05-23 17:59:51 - [MESSAGE][INFO] - Video recording for test case 'Test Cases/CursoKatalon/Variables_simples' .]]></system-out>
         <system-err><![CDATA[]]></system-err>
      </testcase>
      <system-out><![CDATA[2023-05-23 17:57:22 - [TEST_SUITE][PASSED] - DatosEnExcel: Test Cases/CursoKatalon/Variables_simples]]></system-out>
      <system-err><![CDATA[]]></system-err>
   </testsuite>
</testsuites>
