<?xml version="1.0" encoding="UTF-8"?>
<testsuites name="DatosEnExcel" time="135.547" tests="5" failures="0" errors="0">
   <testsuite name="DatosEnExcel" tests="5" failures="0" errors="0" time="135.547" skipped="0" timestamp="2023-05-23 17:54:45" hostname="user - 192.168.1.21" id="Test Suites/Curso_De_Katalon/DatosEnExcel">
      <properties>
         <property name="deviceName" value=""/>
         <property name="devicePlatform" value=""/>
         <property name="logFolder" value="C:\\Users\\user\\Katalon Studio\\CursoKatalon-master\\Reports\\20230523_175122\\Curso_De_Katalon\\DatosEnExcel\\20230523_175127"/>
         <property name="logFiles" value="C:\\Users\\user\\Katalon Studio\\CursoKatalon-master\\Reports\\20230523_175122\\Curso_De_Katalon\\DatosEnExcel\\20230523_175127\\execution0.log"/>
         <property name="attachments" value=""/>
         <property name="hostName" value="user - 192.168.1.21"/>
         <property name="os" value="Windows 10 64bit"/>
         <property name="katalonVersion" value="8.6.0.208"/>
         <property name="browser" value="Chrome 113.0.0.0"/>
         <property name="hostAddress" value="192.168.1.21"/>
         <property name="sessionId" value="a19fbfaf266225e4251c816d65f1aa9f"/>
         <property name="seleniumVersion" value="3.141.59"/>
         <property name="proxyInformation" value="ProxyInformation { proxyOption=NO_PROXY, proxyServerType=HTTP, username=, password=********, proxyServerAddress=, proxyServerPort=0, executionList=&quot;&quot;, isApplyToDesiredCapabilities=true }"/>
         <property name="platform" value="Windows 10"/>
      </properties>
      <testcase name="Test Cases/CursoKatalon/Variables_simples" time="34.266" classname="Test Cases/CursoKatalon/Variables_simples" status="PASSED">
         <system-out><![CDATA[2023-05-23 17:54:46 - [TEST_CASE][PASSED] - Test Cases/CursoKatalon/Variables_simples: Test Cases/CursoKatalon/Variables_simples

2023-05-23 17:54:46 - [TEST_STEP][PASSED] - Start listener action : executeRows: com.kms.katalon.keyword.testsuite.RerunKeyword.getListExecutedRows is PASSED

2023-05-23 17:54:46 - [MESSAGE][PASSED] - com.kms.katalon.keyword.testsuite.RerunKeyword.isStringBelongToList is PASSED

2023-05-23 17:54:48 - [MESSAGE][PASSED] - com.kms.katalon.keyword.testsuite.RerunKeyword.getListExecutedRows is PASSED

2023-05-23 17:54:51 - [TEST_STEP][PASSED] - openBrowser(""): Browser is opened with url: ''

2023-05-23 17:54:53 - [MESSAGE][INFO] - Starting 'Chrome' driver

2023-05-23 17:54:53 - [MESSAGE][INFO] - Action delay is set to 0 milliseconds

2023-05-23 17:54:58 - [MESSAGE][PASSED] - Browser is opened with url: ''

2023-05-23 17:54:58 - [TEST_STEP][PASSED] - maximizeWindow(): Current window maximized

2023-05-23 17:54:59 - [MESSAGE][PASSED] - Current window maximized

2023-05-23 17:54:59 - [TEST_STEP][PASSED] - navigateToUrl("https://demoqa.com/webtables"): Navigate to 'https://demoqa.com/webtables' successfully

2023-05-23 17:55:02 - [MESSAGE][PASSED] - Navigate to 'https://demoqa.com/webtables' successfully

2023-05-23 17:55:02 - [TEST_STEP][PASSED] - click(findTestObject("Object Repository/Variables_simples/Page_DEMOQA/button_Add")): Object: 'Object Repository/Variables_simples/Page_DEMOQA/button_Add' is clicked on

2023-05-23 17:55:03 - [MESSAGE][PASSED] - Object: 'Object Repository/Variables_simples/Page_DEMOQA/button_Add' is clicked on

2023-05-23 17:55:03 - [TEST_STEP][PASSED] - setText(findTestObject("Object Repository/Variables_simples/Page_DEMOQA/input_First Name_firstName"), Nombre): Text 'alejandro1' is set on object 'Object Repository/Variables_simples/Page_DEMOQA/input_First Name_firstName'

2023-05-23 17:55:05 - [MESSAGE][PASSED] - Text 'alejandro1' is set on object 'Object Repository/Variables_simples/Page_DEMOQA/input_First Name_firstName'

2023-05-23 17:55:05 - [TEST_STEP][PASSED] - setText(findTestObject("Object Repository/Variables_simples/Page_DEMOQA/input_Last Name_lastName"), Apellido): Text 'canosa1' is set on object 'Object Repository/Variables_simples/Page_DEMOQA/input_Last Name_lastName'

2023-05-23 17:55:06 - [MESSAGE][PASSED] - Text 'canosa1' is set on object 'Object Repository/Variables_simples/Page_DEMOQA/input_Last Name_lastName'

2023-05-23 17:55:06 - [TEST_STEP][PASSED] - setText(findTestObject("Object Repository/Variables_simples/Page_DEMOQA/input_Email_userEmail"), Email): Text 'canosa1@msn.com' is set on object 'Object Repository/Variables_simples/Page_DEMOQA/input_Email_userEmail'

2023-05-23 17:55:08 - [MESSAGE][PASSED] - Text 'canosa1@msn.com' is set on object 'Object Repository/Variables_simples/Page_DEMOQA/input_Email_userEmail'

2023-05-23 17:55:08 - [TEST_STEP][PASSED] - setText(findTestObject("Object Repository/Variables_simples/Page_DEMOQA/input_Age_age"), Edad): Text '45' is set on object 'Object Repository/Variables_simples/Page_DEMOQA/input_Age_age'

2023-05-23 17:55:09 - [MESSAGE][PASSED] - Text '45' is set on object 'Object Repository/Variables_simples/Page_DEMOQA/input_Age_age'

2023-05-23 17:55:09 - [TEST_STEP][PASSED] - setText(findTestObject("Object Repository/Variables_simples/Page_DEMOQA/input_Salary_salary"), Salario): Text '30000' is set on object 'Object Repository/Variables_simples/Page_DEMOQA/input_Salary_salary'

2023-05-23 17:55:10 - [MESSAGE][PASSED] - Text '30000' is set on object 'Object Repository/Variables_simples/Page_DEMOQA/input_Salary_salary'

2023-05-23 17:55:10 - [TEST_STEP][PASSED] - setText(findTestObject("Object Repository/Variables_simples/Page_DEMOQA/input_Department_department"), Departamento): Text 'QA' is set on object 'Object Repository/Variables_simples/Page_DEMOQA/input_Department_department'

2023-05-23 17:55:12 - [MESSAGE][PASSED] - Text 'QA' is set on object 'Object Repository/Variables_simples/Page_DEMOQA/input_Department_department'

2023-05-23 17:55:12 - [TEST_STEP][PASSED] - click(findTestObject("Object Repository/Variables_simples/Page_DEMOQA/button_Submit")): Object: 'Object Repository/Variables_simples/Page_DEMOQA/button_Submit' is clicked on

2023-05-23 17:55:12 - [MESSAGE][PASSED] - Object: 'Object Repository/Variables_simples/Page_DEMOQA/button_Submit' is clicked on

2023-05-23 17:55:12 - [TEST_STEP][PASSED] - setText(findTestObject("Object Repository/Variables_simples/Page_DEMOQA/input_Add_searchBox"), TextoaBuscar): Text 'alejandro1' is set on object 'Object Repository/Variables_simples/Page_DEMOQA/input_Add_searchBox'

2023-05-23 17:55:14 - [MESSAGE][PASSED] - Text 'alejandro1' is set on object 'Object Repository/Variables_simples/Page_DEMOQA/input_Add_searchBox'

2023-05-23 17:55:14 - [TEST_STEP][PASSED] - click(findTestObject("Object Repository/Variables_simples/Page_DEMOQA/svg")): Object: 'Object Repository/Variables_simples/Page_DEMOQA/svg' is clicked on

2023-05-23 17:55:15 - [MESSAGE][PASSED] - Object: 'Object Repository/Variables_simples/Page_DEMOQA/svg' is clicked on

2023-05-23 17:55:15 - [TEST_STEP][PASSED] - textoBuscado = getText(findTestObject("Object Repository/Variables_simples/Page_DEMOQA/div_alejandro"), CONTINUE_ON_FAILURE): Text of object 'Object Repository/Variables_simples/Page_DEMOQA/div_alejandro' is: 'alejandro1'

2023-05-23 17:55:16 - [MESSAGE][PASSED] - Text of object 'Object Repository/Variables_simples/Page_DEMOQA/div_alejandro' is: 'alejandro1'

2023-05-23 17:55:16 - [TEST_STEP][PASSED] - delay(DelayCorto): Delayed 1 second(s)

2023-05-23 17:55:17 - [MESSAGE][PASSED] - Delayed 1 second(s)

2023-05-23 17:55:17 - [TEST_STEP][PASSED] - verifyMatch(TextoaBuscar, TextoaBuscar, true): Actual text 'alejandro1' and expected text 'alejandro1' are matched  using regular expression

2023-05-23 17:55:17 - [MESSAGE][PASSED] - Actual text 'alejandro1' and expected text 'alejandro1' are matched  using regular expression

2023-05-23 17:55:17 - [TEST_STEP][PASSED] - closeBrowser(): Browser is closed

2023-05-23 17:55:18 - [MESSAGE][PASSED] - Browser is closed

2023-05-23 17:55:18 - [TEST_STEP][PASSED] - Start listener action : sampleAfterTestCase: null

2023-05-23 17:55:18 - [TEST_STEP][PASSED] - Start listener action : addFailedTCToList: com.kms.katalon.keyword.testsuite.RerunKeyword.isStringBelongToList is PASSED

2023-05-23 17:55:18 - [MESSAGE][PASSED] - com.kms.katalon.keyword.testsuite.RerunKeyword.isStringBelongToList is PASSED

2023-05-23 17:55:21 - [TEST_STEP][PASSED] - Video: Video recording for test case 'Test Cases/CursoKatalon/Variables_simples' .

2023-05-23 17:55:21 - [MESSAGE][INFO] - Video recording for test case 'Test Cases/CursoKatalon/Variables_simples' .]]></system-out>
         <system-err><![CDATA[]]></system-err>
      </testcase>
      <testcase name="Test Cases/CursoKatalon/Variables_simples" time="22.99" classname="Test Cases/CursoKatalon/Variables_simples" status="PASSED">
         <system-out><![CDATA[2023-05-23 17:55:21 - [TEST_CASE][PASSED] - Test Cases/CursoKatalon/Variables_simples: Test Cases/CursoKatalon/Variables_simples

2023-05-23 17:55:21 - [TEST_STEP][PASSED] - Start listener action : executeRows: com.kms.katalon.keyword.testsuite.RerunKeyword.getListExecutedRows is PASSED

2023-05-23 17:55:21 - [MESSAGE][PASSED] - com.kms.katalon.keyword.testsuite.RerunKeyword.isStringBelongToList is PASSED

2023-05-23 17:55:21 - [MESSAGE][PASSED] - com.kms.katalon.keyword.testsuite.RerunKeyword.getListExecutedRows is PASSED

2023-05-23 17:55:21 - [TEST_STEP][PASSED] - openBrowser(""): Browser is opened with url: ''

2023-05-23 17:55:21 - [MESSAGE][INFO] - Starting 'Chrome' driver

2023-05-23 17:55:21 - [MESSAGE][INFO] - Action delay is set to 0 milliseconds

2023-05-23 17:55:23 - [MESSAGE][PASSED] - Browser is opened with url: ''

2023-05-23 17:55:23 - [TEST_STEP][PASSED] - maximizeWindow(): Current window maximized

2023-05-23 17:55:24 - [MESSAGE][PASSED] - Current window maximized

2023-05-23 17:55:24 - [TEST_STEP][PASSED] - navigateToUrl("https://demoqa.com/webtables"): Navigate to 'https://demoqa.com/webtables' successfully

2023-05-23 17:55:26 - [MESSAGE][PASSED] - Navigate to 'https://demoqa.com/webtables' successfully

2023-05-23 17:55:26 - [TEST_STEP][PASSED] - click(findTestObject("Object Repository/Variables_simples/Page_DEMOQA/button_Add")): Object: 'Object Repository/Variables_simples/Page_DEMOQA/button_Add' is clicked on

2023-05-23 17:55:28 - [MESSAGE][PASSED] - Object: 'Object Repository/Variables_simples/Page_DEMOQA/button_Add' is clicked on

2023-05-23 17:55:28 - [TEST_STEP][PASSED] - setText(findTestObject("Object Repository/Variables_simples/Page_DEMOQA/input_First Name_firstName"), Nombre): Text 'alejandro2' is set on object 'Object Repository/Variables_simples/Page_DEMOQA/input_First Name_firstName'

2023-05-23 17:55:29 - [MESSAGE][PASSED] - Text 'alejandro2' is set on object 'Object Repository/Variables_simples/Page_DEMOQA/input_First Name_firstName'

2023-05-23 17:55:29 - [TEST_STEP][PASSED] - setText(findTestObject("Object Repository/Variables_simples/Page_DEMOQA/input_Last Name_lastName"), Apellido): Text 'canosa2' is set on object 'Object Repository/Variables_simples/Page_DEMOQA/input_Last Name_lastName'

2023-05-23 17:55:31 - [MESSAGE][PASSED] - Text 'canosa2' is set on object 'Object Repository/Variables_simples/Page_DEMOQA/input_Last Name_lastName'

2023-05-23 17:55:31 - [TEST_STEP][PASSED] - setText(findTestObject("Object Repository/Variables_simples/Page_DEMOQA/input_Email_userEmail"), Email): Text 'canosa1@msn.com' is set on object 'Object Repository/Variables_simples/Page_DEMOQA/input_Email_userEmail'

2023-05-23 17:55:32 - [MESSAGE][PASSED] - Text 'canosa1@msn.com' is set on object 'Object Repository/Variables_simples/Page_DEMOQA/input_Email_userEmail'

2023-05-23 17:55:32 - [TEST_STEP][PASSED] - setText(findTestObject("Object Repository/Variables_simples/Page_DEMOQA/input_Age_age"), Edad): Text '45' is set on object 'Object Repository/Variables_simples/Page_DEMOQA/input_Age_age'

2023-05-23 17:55:33 - [MESSAGE][PASSED] - Text '45' is set on object 'Object Repository/Variables_simples/Page_DEMOQA/input_Age_age'

2023-05-23 17:55:33 - [TEST_STEP][PASSED] - setText(findTestObject("Object Repository/Variables_simples/Page_DEMOQA/input_Salary_salary"), Salario): Text '30000' is set on object 'Object Repository/Variables_simples/Page_DEMOQA/input_Salary_salary'

2023-05-23 17:55:34 - [MESSAGE][PASSED] - Text '30000' is set on object 'Object Repository/Variables_simples/Page_DEMOQA/input_Salary_salary'

2023-05-23 17:55:34 - [TEST_STEP][PASSED] - setText(findTestObject("Object Repository/Variables_simples/Page_DEMOQA/input_Department_department"), Departamento): Text 'Desarrollo' is set on object 'Object Repository/Variables_simples/Page_DEMOQA/input_Department_department'

2023-05-23 17:55:36 - [MESSAGE][PASSED] - Text 'Desarrollo' is set on object 'Object Repository/Variables_simples/Page_DEMOQA/input_Department_department'

2023-05-23 17:55:36 - [TEST_STEP][PASSED] - click(findTestObject("Object Repository/Variables_simples/Page_DEMOQA/button_Submit")): Object: 'Object Repository/Variables_simples/Page_DEMOQA/button_Submit' is clicked on

2023-05-23 17:55:37 - [MESSAGE][PASSED] - Object: 'Object Repository/Variables_simples/Page_DEMOQA/button_Submit' is clicked on

2023-05-23 17:55:37 - [TEST_STEP][PASSED] - setText(findTestObject("Object Repository/Variables_simples/Page_DEMOQA/input_Add_searchBox"), TextoaBuscar): Text 'alejandro2' is set on object 'Object Repository/Variables_simples/Page_DEMOQA/input_Add_searchBox'

2023-05-23 17:55:38 - [MESSAGE][PASSED] - Text 'alejandro2' is set on object 'Object Repository/Variables_simples/Page_DEMOQA/input_Add_searchBox'

2023-05-23 17:55:38 - [TEST_STEP][PASSED] - click(findTestObject("Object Repository/Variables_simples/Page_DEMOQA/svg")): Object: 'Object Repository/Variables_simples/Page_DEMOQA/svg' is clicked on

2023-05-23 17:55:39 - [MESSAGE][PASSED] - Object: 'Object Repository/Variables_simples/Page_DEMOQA/svg' is clicked on

2023-05-23 17:55:39 - [TEST_STEP][PASSED] - textoBuscado = getText(findTestObject("Object Repository/Variables_simples/Page_DEMOQA/div_alejandro"), CONTINUE_ON_FAILURE): Text of object 'Object Repository/Variables_simples/Page_DEMOQA/div_alejandro' is: 'alejandro2'

2023-05-23 17:55:40 - [MESSAGE][PASSED] - Text of object 'Object Repository/Variables_simples/Page_DEMOQA/div_alejandro' is: 'alejandro2'

2023-05-23 17:55:40 - [TEST_STEP][PASSED] - delay(DelayCorto): Delayed 1 second(s)

2023-05-23 17:55:41 - [MESSAGE][PASSED] - Delayed 1 second(s)

2023-05-23 17:55:41 - [TEST_STEP][PASSED] - verifyMatch(TextoaBuscar, TextoaBuscar, true): Actual text 'alejandro2' and expected text 'alejandro2' are matched  using regular expression

2023-05-23 17:55:41 - [MESSAGE][PASSED] - Actual text 'alejandro2' and expected text 'alejandro2' are matched  using regular expression

2023-05-23 17:55:41 - [TEST_STEP][PASSED] - closeBrowser(): Browser is closed

2023-05-23 17:55:42 - [MESSAGE][PASSED] - Browser is closed

2023-05-23 17:55:42 - [TEST_STEP][PASSED] - Start listener action : sampleAfterTestCase: null

2023-05-23 17:55:42 - [TEST_STEP][PASSED] - Start listener action : addFailedTCToList: com.kms.katalon.keyword.testsuite.RerunKeyword.isStringBelongToList is PASSED

2023-05-23 17:55:42 - [MESSAGE][PASSED] - com.kms.katalon.keyword.testsuite.RerunKeyword.isStringBelongToList is PASSED

2023-05-23 17:55:44 - [TEST_STEP][PASSED] - Video: Video recording for test case 'Test Cases/CursoKatalon/Variables_simples' .

2023-05-23 17:55:44 - [MESSAGE][INFO] - Video recording for test case 'Test Cases/CursoKatalon/Variables_simples' .]]></system-out>
         <system-err><![CDATA[]]></system-err>
      </testcase>
      <testcase name="Test Cases/CursoKatalon/Variables_simples" time="28.763" classname="Test Cases/CursoKatalon/Variables_simples" status="PASSED">
         <system-out><![CDATA[2023-05-23 17:55:44 - [TEST_CASE][PASSED] - Test Cases/CursoKatalon/Variables_simples: Test Cases/CursoKatalon/Variables_simples

2023-05-23 17:55:44 - [TEST_STEP][PASSED] - Start listener action : executeRows: com.kms.katalon.keyword.testsuite.RerunKeyword.getListExecutedRows is PASSED

2023-05-23 17:55:44 - [MESSAGE][PASSED] - com.kms.katalon.keyword.testsuite.RerunKeyword.isStringBelongToList is PASSED

2023-05-23 17:55:44 - [MESSAGE][PASSED] - com.kms.katalon.keyword.testsuite.RerunKeyword.getListExecutedRows is PASSED

2023-05-23 17:55:44 - [TEST_STEP][PASSED] - openBrowser(""): Browser is opened with url: ''

2023-05-23 17:55:44 - [MESSAGE][INFO] - Starting 'Chrome' driver

2023-05-23 17:55:44 - [MESSAGE][INFO] - Action delay is set to 0 milliseconds

2023-05-23 17:55:47 - [MESSAGE][PASSED] - Browser is opened with url: ''

2023-05-23 17:55:47 - [TEST_STEP][PASSED] - maximizeWindow(): Current window maximized

2023-05-23 17:55:47 - [MESSAGE][PASSED] - Current window maximized

2023-05-23 17:55:47 - [TEST_STEP][PASSED] - navigateToUrl("https://demoqa.com/webtables"): Navigate to 'https://demoqa.com/webtables' successfully

2023-05-23 17:55:49 - [MESSAGE][PASSED] - Navigate to 'https://demoqa.com/webtables' successfully

2023-05-23 17:55:49 - [TEST_STEP][PASSED] - click(findTestObject("Object Repository/Variables_simples/Page_DEMOQA/button_Add")): Object: 'Object Repository/Variables_simples/Page_DEMOQA/button_Add' is clicked on

2023-05-23 17:55:59 - [MESSAGE][PASSED] - Object: 'Object Repository/Variables_simples/Page_DEMOQA/button_Add' is clicked on

2023-05-23 17:55:59 - [TEST_STEP][PASSED] - setText(findTestObject("Object Repository/Variables_simples/Page_DEMOQA/input_First Name_firstName"), Nombre): Text 'alejandro3' is set on object 'Object Repository/Variables_simples/Page_DEMOQA/input_First Name_firstName'

2023-05-23 17:56:00 - [MESSAGE][PASSED] - Text 'alejandro3' is set on object 'Object Repository/Variables_simples/Page_DEMOQA/input_First Name_firstName'

2023-05-23 17:56:00 - [TEST_STEP][PASSED] - setText(findTestObject("Object Repository/Variables_simples/Page_DEMOQA/input_Last Name_lastName"), Apellido): Text 'canosa3' is set on object 'Object Repository/Variables_simples/Page_DEMOQA/input_Last Name_lastName'

2023-05-23 17:56:01 - [MESSAGE][PASSED] - Text 'canosa3' is set on object 'Object Repository/Variables_simples/Page_DEMOQA/input_Last Name_lastName'

2023-05-23 17:56:01 - [TEST_STEP][PASSED] - setText(findTestObject("Object Repository/Variables_simples/Page_DEMOQA/input_Email_userEmail"), Email): Text 'canosa1@msn.com' is set on object 'Object Repository/Variables_simples/Page_DEMOQA/input_Email_userEmail'

2023-05-23 17:56:02 - [MESSAGE][PASSED] - Text 'canosa1@msn.com' is set on object 'Object Repository/Variables_simples/Page_DEMOQA/input_Email_userEmail'

2023-05-23 17:56:02 - [TEST_STEP][PASSED] - setText(findTestObject("Object Repository/Variables_simples/Page_DEMOQA/input_Age_age"), Edad): Text '45' is set on object 'Object Repository/Variables_simples/Page_DEMOQA/input_Age_age'

2023-05-23 17:56:04 - [MESSAGE][PASSED] - Text '45' is set on object 'Object Repository/Variables_simples/Page_DEMOQA/input_Age_age'

2023-05-23 17:56:04 - [TEST_STEP][PASSED] - setText(findTestObject("Object Repository/Variables_simples/Page_DEMOQA/input_Salary_salary"), Salario): Text '30000' is set on object 'Object Repository/Variables_simples/Page_DEMOQA/input_Salary_salary'

2023-05-23 17:56:05 - [MESSAGE][PASSED] - Text '30000' is set on object 'Object Repository/Variables_simples/Page_DEMOQA/input_Salary_salary'

2023-05-23 17:56:05 - [TEST_STEP][PASSED] - setText(findTestObject("Object Repository/Variables_simples/Page_DEMOQA/input_Department_department"), Departamento): Text 'Desarrollo' is set on object 'Object Repository/Variables_simples/Page_DEMOQA/input_Department_department'

2023-05-23 17:56:06 - [MESSAGE][PASSED] - Text 'Desarrollo' is set on object 'Object Repository/Variables_simples/Page_DEMOQA/input_Department_department'

2023-05-23 17:56:06 - [TEST_STEP][PASSED] - click(findTestObject("Object Repository/Variables_simples/Page_DEMOQA/button_Submit")): Object: 'Object Repository/Variables_simples/Page_DEMOQA/button_Submit' is clicked on

2023-05-23 17:56:07 - [MESSAGE][PASSED] - Object: 'Object Repository/Variables_simples/Page_DEMOQA/button_Submit' is clicked on

2023-05-23 17:56:07 - [TEST_STEP][PASSED] - setText(findTestObject("Object Repository/Variables_simples/Page_DEMOQA/input_Add_searchBox"), TextoaBuscar): Text 'alejandro3' is set on object 'Object Repository/Variables_simples/Page_DEMOQA/input_Add_searchBox'

2023-05-23 17:56:08 - [MESSAGE][PASSED] - Text 'alejandro3' is set on object 'Object Repository/Variables_simples/Page_DEMOQA/input_Add_searchBox'

2023-05-23 17:56:08 - [TEST_STEP][PASSED] - click(findTestObject("Object Repository/Variables_simples/Page_DEMOQA/svg")): Object: 'Object Repository/Variables_simples/Page_DEMOQA/svg' is clicked on

2023-05-23 17:56:08 - [MESSAGE][PASSED] - Object: 'Object Repository/Variables_simples/Page_DEMOQA/svg' is clicked on

2023-05-23 17:56:08 - [TEST_STEP][PASSED] - textoBuscado = getText(findTestObject("Object Repository/Variables_simples/Page_DEMOQA/div_alejandro"), CONTINUE_ON_FAILURE): Text of object 'Object Repository/Variables_simples/Page_DEMOQA/div_alejandro' is: 'alejandro3'

2023-05-23 17:56:09 - [MESSAGE][PASSED] - Text of object 'Object Repository/Variables_simples/Page_DEMOQA/div_alejandro' is: 'alejandro3'

2023-05-23 17:56:09 - [TEST_STEP][PASSED] - delay(DelayCorto): Delayed 1 second(s)

2023-05-23 17:56:10 - [MESSAGE][PASSED] - Delayed 1 second(s)

2023-05-23 17:56:10 - [TEST_STEP][PASSED] - verifyMatch(TextoaBuscar, TextoaBuscar, true): Actual text 'alejandro3' and expected text 'alejandro3' are matched  using regular expression

2023-05-23 17:56:10 - [MESSAGE][PASSED] - Actual text 'alejandro3' and expected text 'alejandro3' are matched  using regular expression

2023-05-23 17:56:10 - [TEST_STEP][PASSED] - closeBrowser(): Browser is closed

2023-05-23 17:56:11 - [MESSAGE][PASSED] - Browser is closed

2023-05-23 17:56:11 - [TEST_STEP][PASSED] - Start listener action : sampleAfterTestCase: null

2023-05-23 17:56:11 - [TEST_STEP][PASSED] - Start listener action : addFailedTCToList: com.kms.katalon.keyword.testsuite.RerunKeyword.isStringBelongToList is PASSED

2023-05-23 17:56:11 - [MESSAGE][PASSED] - com.kms.katalon.keyword.testsuite.RerunKeyword.isStringBelongToList is PASSED

2023-05-23 17:56:13 - [TEST_STEP][PASSED] - Video: Video recording for test case 'Test Cases/CursoKatalon/Variables_simples' .

2023-05-23 17:56:13 - [MESSAGE][INFO] - Video recording for test case 'Test Cases/CursoKatalon/Variables_simples' .]]></system-out>
         <system-err><![CDATA[]]></system-err>
      </testcase>
      <testcase name="Test Cases/CursoKatalon/Variables_simples" time="22.773" classname="Test Cases/CursoKatalon/Variables_simples" status="PASSED">
         <system-out><![CDATA[2023-05-23 17:56:13 - [TEST_CASE][PASSED] - Test Cases/CursoKatalon/Variables_simples: Test Cases/CursoKatalon/Variables_simples

2023-05-23 17:56:13 - [TEST_STEP][PASSED] - Start listener action : executeRows: com.kms.katalon.keyword.testsuite.RerunKeyword.getListExecutedRows is PASSED

2023-05-23 17:56:13 - [MESSAGE][PASSED] - com.kms.katalon.keyword.testsuite.RerunKeyword.isStringBelongToList is PASSED

2023-05-23 17:56:14 - [MESSAGE][PASSED] - com.kms.katalon.keyword.testsuite.RerunKeyword.getListExecutedRows is PASSED

2023-05-23 17:56:14 - [TEST_STEP][PASSED] - openBrowser(""): Browser is opened with url: ''

2023-05-23 17:56:14 - [MESSAGE][INFO] - Starting 'Chrome' driver

2023-05-23 17:56:14 - [MESSAGE][INFO] - Action delay is set to 0 milliseconds

2023-05-23 17:56:16 - [MESSAGE][PASSED] - Browser is opened with url: ''

2023-05-23 17:56:16 - [TEST_STEP][PASSED] - maximizeWindow(): Current window maximized

2023-05-23 17:56:16 - [MESSAGE][PASSED] - Current window maximized

2023-05-23 17:56:16 - [TEST_STEP][PASSED] - navigateToUrl("https://demoqa.com/webtables"): Navigate to 'https://demoqa.com/webtables' successfully

2023-05-23 17:56:19 - [MESSAGE][PASSED] - Navigate to 'https://demoqa.com/webtables' successfully

2023-05-23 17:56:19 - [TEST_STEP][PASSED] - click(findTestObject("Object Repository/Variables_simples/Page_DEMOQA/button_Add")): Object: 'Object Repository/Variables_simples/Page_DEMOQA/button_Add' is clicked on

2023-05-23 17:56:20 - [MESSAGE][PASSED] - Object: 'Object Repository/Variables_simples/Page_DEMOQA/button_Add' is clicked on

2023-05-23 17:56:20 - [TEST_STEP][PASSED] - setText(findTestObject("Object Repository/Variables_simples/Page_DEMOQA/input_First Name_firstName"), Nombre): Text 'alejandro4' is set on object 'Object Repository/Variables_simples/Page_DEMOQA/input_First Name_firstName'

2023-05-23 17:56:21 - [MESSAGE][PASSED] - Text 'alejandro4' is set on object 'Object Repository/Variables_simples/Page_DEMOQA/input_First Name_firstName'

2023-05-23 17:56:21 - [TEST_STEP][PASSED] - setText(findTestObject("Object Repository/Variables_simples/Page_DEMOQA/input_Last Name_lastName"), Apellido): Text 'canosa4' is set on object 'Object Repository/Variables_simples/Page_DEMOQA/input_Last Name_lastName'

2023-05-23 17:56:22 - [MESSAGE][PASSED] - Text 'canosa4' is set on object 'Object Repository/Variables_simples/Page_DEMOQA/input_Last Name_lastName'

2023-05-23 17:56:22 - [TEST_STEP][PASSED] - setText(findTestObject("Object Repository/Variables_simples/Page_DEMOQA/input_Email_userEmail"), Email): Text 'canosa1@msn.com' is set on object 'Object Repository/Variables_simples/Page_DEMOQA/input_Email_userEmail'

2023-05-23 17:56:24 - [MESSAGE][PASSED] - Text 'canosa1@msn.com' is set on object 'Object Repository/Variables_simples/Page_DEMOQA/input_Email_userEmail'

2023-05-23 17:56:24 - [TEST_STEP][PASSED] - setText(findTestObject("Object Repository/Variables_simples/Page_DEMOQA/input_Age_age"), Edad): Text '45' is set on object 'Object Repository/Variables_simples/Page_DEMOQA/input_Age_age'

2023-05-23 17:56:25 - [MESSAGE][PASSED] - Text '45' is set on object 'Object Repository/Variables_simples/Page_DEMOQA/input_Age_age'

2023-05-23 17:56:25 - [TEST_STEP][PASSED] - setText(findTestObject("Object Repository/Variables_simples/Page_DEMOQA/input_Salary_salary"), Salario): Text '30000' is set on object 'Object Repository/Variables_simples/Page_DEMOQA/input_Salary_salary'

2023-05-23 17:56:27 - [MESSAGE][PASSED] - Text '30000' is set on object 'Object Repository/Variables_simples/Page_DEMOQA/input_Salary_salary'

2023-05-23 17:56:27 - [TEST_STEP][PASSED] - setText(findTestObject("Object Repository/Variables_simples/Page_DEMOQA/input_Department_department"), Departamento): Text 'Desarrollo' is set on object 'Object Repository/Variables_simples/Page_DEMOQA/input_Department_department'

2023-05-23 17:56:28 - [MESSAGE][PASSED] - Text 'Desarrollo' is set on object 'Object Repository/Variables_simples/Page_DEMOQA/input_Department_department'

2023-05-23 17:56:28 - [TEST_STEP][PASSED] - click(findTestObject("Object Repository/Variables_simples/Page_DEMOQA/button_Submit")): Object: 'Object Repository/Variables_simples/Page_DEMOQA/button_Submit' is clicked on

2023-05-23 17:56:29 - [MESSAGE][PASSED] - Object: 'Object Repository/Variables_simples/Page_DEMOQA/button_Submit' is clicked on

2023-05-23 17:56:29 - [TEST_STEP][PASSED] - setText(findTestObject("Object Repository/Variables_simples/Page_DEMOQA/input_Add_searchBox"), TextoaBuscar): Text 'alejandro4' is set on object 'Object Repository/Variables_simples/Page_DEMOQA/input_Add_searchBox'

2023-05-23 17:56:31 - [MESSAGE][PASSED] - Text 'alejandro4' is set on object 'Object Repository/Variables_simples/Page_DEMOQA/input_Add_searchBox'

2023-05-23 17:56:31 - [TEST_STEP][PASSED] - click(findTestObject("Object Repository/Variables_simples/Page_DEMOQA/svg")): Object: 'Object Repository/Variables_simples/Page_DEMOQA/svg' is clicked on

2023-05-23 17:56:31 - [MESSAGE][PASSED] - Object: 'Object Repository/Variables_simples/Page_DEMOQA/svg' is clicked on

2023-05-23 17:56:31 - [TEST_STEP][PASSED] - textoBuscado = getText(findTestObject("Object Repository/Variables_simples/Page_DEMOQA/div_alejandro"), CONTINUE_ON_FAILURE): Text of object 'Object Repository/Variables_simples/Page_DEMOQA/div_alejandro' is: 'alejandro4'

2023-05-23 17:56:32 - [MESSAGE][PASSED] - Text of object 'Object Repository/Variables_simples/Page_DEMOQA/div_alejandro' is: 'alejandro4'

2023-05-23 17:56:32 - [TEST_STEP][PASSED] - delay(DelayCorto): Delayed 1 second(s)

2023-05-23 17:56:33 - [MESSAGE][PASSED] - Delayed 1 second(s)

2023-05-23 17:56:33 - [TEST_STEP][PASSED] - verifyMatch(TextoaBuscar, TextoaBuscar, true): Actual text 'alejandro4' and expected text 'alejandro4' are matched  using regular expression

2023-05-23 17:56:33 - [MESSAGE][PASSED] - Actual text 'alejandro4' and expected text 'alejandro4' are matched  using regular expression

2023-05-23 17:56:33 - [TEST_STEP][PASSED] - closeBrowser(): Browser is closed

2023-05-23 17:56:34 - [MESSAGE][PASSED] - Browser is closed

2023-05-23 17:56:34 - [TEST_STEP][PASSED] - Start listener action : sampleAfterTestCase: null

2023-05-23 17:56:34 - [TEST_STEP][PASSED] - Start listener action : addFailedTCToList: com.kms.katalon.keyword.testsuite.RerunKeyword.isStringBelongToList is PASSED

2023-05-23 17:56:34 - [MESSAGE][PASSED] - com.kms.katalon.keyword.testsuite.RerunKeyword.isStringBelongToList is PASSED

2023-05-23 17:56:36 - [TEST_STEP][PASSED] - Video: Video recording for test case 'Test Cases/CursoKatalon/Variables_simples' .

2023-05-23 17:56:36 - [MESSAGE][INFO] - Video recording for test case 'Test Cases/CursoKatalon/Variables_simples' .]]></system-out>
         <system-err><![CDATA[]]></system-err>
      </testcase>
      <testcase name="Test Cases/CursoKatalon/Variables_simples" time="23.952" classname="Test Cases/CursoKatalon/Variables_simples" status="PASSED">
         <system-out><![CDATA[2023-05-23 17:56:36 - [TEST_CASE][PASSED] - Test Cases/CursoKatalon/Variables_simples: Test Cases/CursoKatalon/Variables_simples

2023-05-23 17:56:37 - [TEST_STEP][PASSED] - Start listener action : executeRows: com.kms.katalon.keyword.testsuite.RerunKeyword.getListExecutedRows is PASSED

2023-05-23 17:56:37 - [MESSAGE][PASSED] - com.kms.katalon.keyword.testsuite.RerunKeyword.isStringBelongToList is PASSED

2023-05-23 17:56:37 - [MESSAGE][PASSED] - com.kms.katalon.keyword.testsuite.RerunKeyword.getListExecutedRows is PASSED

2023-05-23 17:56:37 - [TEST_STEP][PASSED] - openBrowser(""): Browser is opened with url: ''

2023-05-23 17:56:37 - [MESSAGE][INFO] - Starting 'Chrome' driver

2023-05-23 17:56:37 - [MESSAGE][INFO] - Action delay is set to 0 milliseconds

2023-05-23 17:56:40 - [MESSAGE][PASSED] - Browser is opened with url: ''

2023-05-23 17:56:40 - [TEST_STEP][PASSED] - maximizeWindow(): Current window maximized

2023-05-23 17:56:40 - [MESSAGE][PASSED] - Current window maximized

2023-05-23 17:56:40 - [TEST_STEP][PASSED] - navigateToUrl("https://demoqa.com/webtables"): Navigate to 'https://demoqa.com/webtables' successfully

2023-05-23 17:56:43 - [MESSAGE][PASSED] - Navigate to 'https://demoqa.com/webtables' successfully

2023-05-23 17:56:43 - [TEST_STEP][PASSED] - click(findTestObject("Object Repository/Variables_simples/Page_DEMOQA/button_Add")): Object: 'Object Repository/Variables_simples/Page_DEMOQA/button_Add' is clicked on

2023-05-23 17:56:44 - [MESSAGE][PASSED] - Object: 'Object Repository/Variables_simples/Page_DEMOQA/button_Add' is clicked on

2023-05-23 17:56:44 - [TEST_STEP][PASSED] - setText(findTestObject("Object Repository/Variables_simples/Page_DEMOQA/input_First Name_firstName"), Nombre): Text 'alejandro5' is set on object 'Object Repository/Variables_simples/Page_DEMOQA/input_First Name_firstName'

2023-05-23 17:56:45 - [MESSAGE][PASSED] - Text 'alejandro5' is set on object 'Object Repository/Variables_simples/Page_DEMOQA/input_First Name_firstName'

2023-05-23 17:56:45 - [TEST_STEP][PASSED] - setText(findTestObject("Object Repository/Variables_simples/Page_DEMOQA/input_Last Name_lastName"), Apellido): Text 'canosa5' is set on object 'Object Repository/Variables_simples/Page_DEMOQA/input_Last Name_lastName'

2023-05-23 17:56:47 - [MESSAGE][PASSED] - Text 'canosa5' is set on object 'Object Repository/Variables_simples/Page_DEMOQA/input_Last Name_lastName'

2023-05-23 17:56:47 - [TEST_STEP][PASSED] - setText(findTestObject("Object Repository/Variables_simples/Page_DEMOQA/input_Email_userEmail"), Email): Text 'canosa1@msn.com' is set on object 'Object Repository/Variables_simples/Page_DEMOQA/input_Email_userEmail'

2023-05-23 17:56:48 - [MESSAGE][PASSED] - Text 'canosa1@msn.com' is set on object 'Object Repository/Variables_simples/Page_DEMOQA/input_Email_userEmail'

2023-05-23 17:56:48 - [TEST_STEP][PASSED] - setText(findTestObject("Object Repository/Variables_simples/Page_DEMOQA/input_Age_age"), Edad): Text '45' is set on object 'Object Repository/Variables_simples/Page_DEMOQA/input_Age_age'

2023-05-23 17:56:50 - [MESSAGE][PASSED] - Text '45' is set on object 'Object Repository/Variables_simples/Page_DEMOQA/input_Age_age'

2023-05-23 17:56:50 - [TEST_STEP][PASSED] - setText(findTestObject("Object Repository/Variables_simples/Page_DEMOQA/input_Salary_salary"), Salario): Text '30000' is set on object 'Object Repository/Variables_simples/Page_DEMOQA/input_Salary_salary'

2023-05-23 17:56:51 - [MESSAGE][PASSED] - Text '30000' is set on object 'Object Repository/Variables_simples/Page_DEMOQA/input_Salary_salary'

2023-05-23 17:56:51 - [TEST_STEP][PASSED] - setText(findTestObject("Object Repository/Variables_simples/Page_DEMOQA/input_Department_department"), Departamento): Text 'Desarrollo' is set on object 'Object Repository/Variables_simples/Page_DEMOQA/input_Department_department'

2023-05-23 17:56:52 - [MESSAGE][PASSED] - Text 'Desarrollo' is set on object 'Object Repository/Variables_simples/Page_DEMOQA/input_Department_department'

2023-05-23 17:56:52 - [TEST_STEP][PASSED] - click(findTestObject("Object Repository/Variables_simples/Page_DEMOQA/button_Submit")): Object: 'Object Repository/Variables_simples/Page_DEMOQA/button_Submit' is clicked on

2023-05-23 17:56:53 - [MESSAGE][PASSED] - Object: 'Object Repository/Variables_simples/Page_DEMOQA/button_Submit' is clicked on

2023-05-23 17:56:53 - [TEST_STEP][PASSED] - setText(findTestObject("Object Repository/Variables_simples/Page_DEMOQA/input_Add_searchBox"), TextoaBuscar): Text 'alejandro5' is set on object 'Object Repository/Variables_simples/Page_DEMOQA/input_Add_searchBox'

2023-05-23 17:56:54 - [MESSAGE][PASSED] - Text 'alejandro5' is set on object 'Object Repository/Variables_simples/Page_DEMOQA/input_Add_searchBox'

2023-05-23 17:56:54 - [TEST_STEP][PASSED] - click(findTestObject("Object Repository/Variables_simples/Page_DEMOQA/svg")): Object: 'Object Repository/Variables_simples/Page_DEMOQA/svg' is clicked on

2023-05-23 17:56:55 - [MESSAGE][PASSED] - Object: 'Object Repository/Variables_simples/Page_DEMOQA/svg' is clicked on

2023-05-23 17:56:55 - [TEST_STEP][PASSED] - textoBuscado = getText(findTestObject("Object Repository/Variables_simples/Page_DEMOQA/div_alejandro"), CONTINUE_ON_FAILURE): Text of object 'Object Repository/Variables_simples/Page_DEMOQA/div_alejandro' is: 'alejandro5'

2023-05-23 17:56:56 - [MESSAGE][PASSED] - Text of object 'Object Repository/Variables_simples/Page_DEMOQA/div_alejandro' is: 'alejandro5'

2023-05-23 17:56:56 - [TEST_STEP][PASSED] - delay(DelayCorto): Delayed 1 second(s)

2023-05-23 17:56:57 - [MESSAGE][PASSED] - Delayed 1 second(s)

2023-05-23 17:56:57 - [TEST_STEP][PASSED] - verifyMatch(TextoaBuscar, TextoaBuscar, true): Actual text 'alejandro5' and expected text 'alejandro5' are matched  using regular expression

2023-05-23 17:56:57 - [MESSAGE][PASSED] - Actual text 'alejandro5' and expected text 'alejandro5' are matched  using regular expression

2023-05-23 17:56:57 - [TEST_STEP][PASSED] - closeBrowser(): Browser is closed

2023-05-23 17:56:58 - [MESSAGE][PASSED] - Browser is closed

2023-05-23 17:56:58 - [TEST_STEP][PASSED] - Start listener action : sampleAfterTestCase: null

2023-05-23 17:56:58 - [TEST_STEP][PASSED] - Start listener action : addFailedTCToList: com.kms.katalon.keyword.testsuite.RerunKeyword.isStringBelongToList is PASSED

2023-05-23 17:56:58 - [MESSAGE][PASSED] - com.kms.katalon.keyword.testsuite.RerunKeyword.isStringBelongToList is PASSED

2023-05-23 17:57:00 - [TEST_STEP][PASSED] - Video: Video recording for test case 'Test Cases/CursoKatalon/Variables_simples' .

2023-05-23 17:57:00 - [MESSAGE][INFO] - Video recording for test case 'Test Cases/CursoKatalon/Variables_simples' .]]></system-out>
         <system-err><![CDATA[]]></system-err>
      </testcase>
      <system-out><![CDATA[2023-05-23 17:54:45 - [TEST_SUITE][PASSED] - DatosEnExcel: Test Cases/CursoKatalon/Variables_simples]]></system-out>
      <system-err><![CDATA[]]></system-err>
   </testsuite>
</testsuites>
