<?xml version="1.0" encoding="UTF-8"?>
<testsuites name="DatosenCSV" time="32.196" tests="1" failures="0" errors="0">
   <testsuite name="DatosenCSV" tests="1" failures="0" errors="0" time="32.196" skipped="0" timestamp="2023-05-26 16:59:16" hostname="ex366552 - tejonloco45" id="Test Suites/Curso_De_Katalon/DatosenCSV">
      <properties>
         <property name="deviceName" value=""/>
         <property name="devicePlatform" value=""/>
         <property name="logFolder" value="C:\\Users\\ex366552\\Documents\\Katalon Studio\\CursoKatalon-master\\Reports\\20230526_165913\\Curso_De_Katalon\\DatosenCSV\\20230526_165914"/>
         <property name="logFiles" value="C:\\Users\\ex366552\\Documents\\Katalon Studio\\CursoKatalon-master\\Reports\\20230526_165913\\Curso_De_Katalon\\DatosenCSV\\20230526_165914\\execution0.log"/>
         <property name="attachments" value=""/>
         <property name="hostName" value="ex366552 - tejonloco45"/>
         <property name="os" value="Windows 10 64bit"/>
         <property name="katalonVersion" value="8.6.0.208"/>
         <property name="browser" value="Chrome 113.0.0.0"/>
         <property name="hostAddress" value="192.168.18.12"/>
         <property name="sessionId" value="31ff0a5f781d5ca4517e6eb3538fedcb"/>
         <property name="seleniumVersion" value="3.141.59"/>
         <property name="proxyInformation" value="ProxyInformation { proxyOption=NO_PROXY, proxyServerType=HTTP, username=, password=********, proxyServerAddress=, proxyServerPort=0, executionList=&quot;&quot;, isApplyToDesiredCapabilities=true }"/>
         <property name="platform" value="Windows 10"/>
      </properties>
      <testcase name="Test Cases/CursoKatalon/Variables_simples" time="0.064" classname="Test Cases/CursoKatalon/Variables_simples" status="PASSED">
         <system-out><![CDATA[2023-05-26 16:59:48 - [TEST_CASE][PASSED] - Test Cases/CursoKatalon/Variables_simples: null

2023-05-26 16:59:48 - [TEST_STEP][PASSED] - Start listener action : sampleAfterTestCase: null]]></system-out>
         <system-err><![CDATA[]]></system-err>
      </testcase>
      <system-out><![CDATA[2023-05-26 16:59:16 - [TEST_SUITE][INCOMPLETE] - DatosenCSV: null]]></system-out>
      <system-err><![CDATA[2023-05-26 16:59:16 - [TEST_SUITE][INCOMPLETE] - DatosenCSV: null]]></system-err>
   </testsuite>
</testsuites>
