<?xml version="1.0" encoding="UTF-8"?>
<testsuites name="Suites_Curso_Katalon_parte2" time="162.754" tests="3" failures="0" errors="0">
   <testsuite name="Suites_Curso_Katalon_parte2" tests="3" failures="0" errors="0" time="162.754" skipped="0" timestamp="2023-05-23 16:24:37" hostname="user - 192.168.1.21" id="Test Suites/Curso_De_Katalon/Suites_Curso_Katalon_parte2">
      <properties>
         <property name="deviceName" value=""/>
         <property name="devicePlatform" value=""/>
         <property name="logFolder" value="C:\\Users\\user\\Katalon Studio\\CursoKatalon-master\\Reports\\20230523_162410\\Curso_De_Katalon\\Suites_Curso_Katalon_parte2\\20230523_162412"/>
         <property name="logFiles" value="C:\\Users\\user\\Katalon Studio\\CursoKatalon-master\\Reports\\20230523_162410\\Curso_De_Katalon\\Suites_Curso_Katalon_parte2\\20230523_162412\\execution0.log"/>
         <property name="attachments" value="C:\Users\user\Katalon Studio\CursoKatalon-master\Imagenes\imagen1.png"/>
         <property name="hostName" value="user - 192.168.1.21"/>
         <property name="os" value="Windows 10 64bit"/>
         <property name="katalonVersion" value="8.6.0.208"/>
         <property name="browser" value="Chrome 113.0.0.0"/>
         <property name="hostAddress" value="192.168.1.21"/>
         <property name="sessionId" value="781bc217a5a376e063c1ca1ced5b71ff"/>
         <property name="seleniumVersion" value="3.141.59"/>
         <property name="proxyInformation" value="ProxyInformation { proxyOption=NO_PROXY, proxyServerType=HTTP, username=, password=********, proxyServerAddress=, proxyServerPort=0, executionList=&quot;&quot;, isApplyToDesiredCapabilities=true }"/>
         <property name="platform" value="Windows 10"/>
      </properties>
      <testcase name="Test Cases/CursoKatalon/Rellenar_Formulario" time="80.748" classname="Test Cases/CursoKatalon/Rellenar_Formulario" status="PASSED">
         <system-out><![CDATA[2023-05-23 16:24:41 - [TEST_CASE][PASSED] - Test Cases/CursoKatalon/Rellenar_Formulario: Test Cases/CursoKatalon/Rellenar_Formulario

2023-05-23 16:24:43 - [TEST_STEP][PASSED] - Start listener action : executeRows: com.kms.katalon.keyword.testsuite.RerunKeyword.isStringBelongToList is PASSED

2023-05-23 16:24:43 - [MESSAGE][PASSED] - com.kms.katalon.keyword.testsuite.RerunKeyword.isStringBelongToList is PASSED

2023-05-23 16:24:48 - [TEST_STEP][PASSED] - openBrowser(""): Browser is opened with url: ''

2023-05-23 16:24:51 - [MESSAGE][INFO] - Starting 'Chrome' driver

2023-05-23 16:24:51 - [MESSAGE][INFO] - Action delay is set to 0 milliseconds

2023-05-23 16:25:01 - [MESSAGE][PASSED] - Browser is opened with url: ''

2023-05-23 16:25:01 - [TEST_STEP][PASSED] - navigateToUrl("https://demoqa.com/automation-practice-form"): Navigate to 'https://demoqa.com/automation-practice-form' successfully

2023-05-23 16:25:07 - [MESSAGE][PASSED] - Navigate to 'https://demoqa.com/automation-practice-form' successfully

2023-05-23 16:25:07 - [TEST_STEP][PASSED] - maximizeWindow(): Current window maximized

2023-05-23 16:25:07 - [MESSAGE][PASSED] - Current window maximized

2023-05-23 16:25:07 - [TEST_STEP][PASSED] - setText(findTestObject("Rellenar_Formulario/Nombre"), Nombre): Text 'Alejandro' is set on object 'Object Repository/Rellenar_Formulario/Nombre'

2023-05-23 16:25:23 - [MESSAGE][PASSED] - Text 'Alejandro' is set on object 'Object Repository/Rellenar_Formulario/Nombre'

2023-05-23 16:25:23 - [TEST_STEP][PASSED] - delay(DelayCorto): Delayed 1 second(s)

2023-05-23 16:25:25 - [MESSAGE][PASSED] - Delayed 1 second(s)

2023-05-23 16:25:25 - [TEST_STEP][PASSED] - setText(findTestObject("Rellenar_Formulario/Apellidos"), Apellidos): Text 'Canosa Ferreiro' is set on object 'Object Repository/Rellenar_Formulario/Apellidos'

2023-05-23 16:25:27 - [MESSAGE][PASSED] - Text 'Canosa Ferreiro' is set on object 'Object Repository/Rellenar_Formulario/Apellidos'

2023-05-23 16:25:27 - [TEST_STEP][PASSED] - delay(DelayCorto): Delayed 1 second(s)

2023-05-23 16:25:28 - [MESSAGE][PASSED] - Delayed 1 second(s)

2023-05-23 16:25:28 - [TEST_STEP][PASSED] - setText(findTestObject("Rellenar_Formulario/Email"), Email): Text 'cansa1@msn.com' is set on object 'Object Repository/Rellenar_Formulario/Email'

2023-05-23 16:25:33 - [MESSAGE][PASSED] - Text 'cansa1@msn.com' is set on object 'Object Repository/Rellenar_Formulario/Email'

2023-05-23 16:25:33 - [TEST_STEP][PASSED] - delay(DelayCorto): Delayed 1 second(s)

2023-05-23 16:25:34 - [MESSAGE][PASSED] - Delayed 1 second(s)

2023-05-23 16:25:34 - [TEST_STEP][PASSED] - verifyElementClickable(findTestObject("Rellenar_Formulario/RadioButton_male")): Object 'Object Repository/Rellenar_Formulario/RadioButton_male' is clickable

2023-05-23 16:25:35 - [MESSAGE][PASSED] - Object 'Object Repository/Rellenar_Formulario/RadioButton_male' is clickable

2023-05-23 16:25:35 - [TEST_STEP][PASSED] - click(findTestObject("Rellenar_Formulario/RadioButton_male")): Object: 'Object Repository/Rellenar_Formulario/RadioButton_male' is clicked on

2023-05-23 16:25:37 - [MESSAGE][PASSED] - Object: 'Object Repository/Rellenar_Formulario/RadioButton_male' is clicked on

2023-05-23 16:25:37 - [TEST_STEP][PASSED] - delay(DelayCorto): Delayed 1 second(s)

2023-05-23 16:25:38 - [MESSAGE][PASSED] - Delayed 1 second(s)

2023-05-23 16:25:38 - [TEST_STEP][PASSED] - setText(findTestObject("Rellenar_Formulario/Movil"), Movil): Text '667356734' is set on object 'Object Repository/Rellenar_Formulario/Movil'

2023-05-23 16:25:40 - [MESSAGE][PASSED] - Text '667356734' is set on object 'Object Repository/Rellenar_Formulario/Movil'

2023-05-23 16:25:40 - [TEST_STEP][PASSED] - TextoMovil = getText(findTestObject("Rellenar_Formulario/Movil")): Text of object 'Object Repository/Rellenar_Formulario/Movil' is: ''

2023-05-23 16:25:42 - [MESSAGE][PASSED] - Text of object 'Object Repository/Rellenar_Formulario/Movil' is: ''

2023-05-23 16:25:43 - [TEST_STEP][PASSED] - verifyMatch("667356724", "(\+34|0034|34)?[ -]*(6|7)([0-9]){2}[ -]?(([0-9]){2}[ -]?([0-9]){2}[ -]?([0-9]){2}|([0-9]){3}[ -]?([0-9]){3})", true, CONTINUE_ON_FAILURE): Actual text '667356724' and expected text '(\+34|0034|34)?[ -]*(6|7)([0-9]){2}[ -]?(([0-9]){2}[ -]?([0-9]){2}[ -]?([0-9]){2}|([0-9]){3}[ -]?([0-9]){3})' are matched  using regular expression

2023-05-23 16:25:43 - [MESSAGE][PASSED] - Actual text '667356724' and expected text '(\+34|0034|34)?[ -]*(6|7)([0-9]){2}[ -]?(([0-9]){2}[ -]?([0-9]){2}[ -]?([0-9]){2}|([0-9]){3}[ -]?([0-9]){3})' are matched  using regular expression

2023-05-23 16:25:43 - [TEST_STEP][PASSED] - delay(1): Delayed 1 second(s)

2023-05-23 16:25:44 - [MESSAGE][PASSED] - Delayed 1 second(s)

2023-05-23 16:25:44 - [TEST_STEP][PASSED] - click(findTestObject("Rellenar_Formulario/Cumpleaños")): Object: 'Object Repository/Rellenar_Formulario/Cumpleaños' is clicked on

2023-05-23 16:25:45 - [MESSAGE][PASSED] - Object: 'Object Repository/Rellenar_Formulario/Cumpleaños' is clicked on

2023-05-23 16:25:45 - [TEST_STEP][PASSED] - delay(1): Delayed 1 second(s)

2023-05-23 16:25:46 - [MESSAGE][PASSED] - Delayed 1 second(s)

2023-05-23 16:25:46 - [TEST_STEP][PASSED] - selectOptionByValue(findTestObject("Rellenar_Formulario/Mes"), "10", false): All options with value '10' are selected in object 'Object Repository/Rellenar_Formulario/Mes' 

2023-05-23 16:25:48 - [MESSAGE][PASSED] - All options with value '10' are selected in object 'Object Repository/Rellenar_Formulario/Mes' 

2023-05-23 16:25:48 - [TEST_STEP][PASSED] - selectOptionByValue(findTestObject("Rellenar_Formulario/Año"), "1977", false): All options with value '1977' are selected in object 'Object Repository/Rellenar_Formulario/Año' 

2023-05-23 16:25:49 - [MESSAGE][PASSED] - All options with value '1977' are selected in object 'Object Repository/Rellenar_Formulario/Año' 

2023-05-23 16:25:49 - [TEST_STEP][PASSED] - click(findTestObject("Rellenar_Formulario/Dia")): Object: 'Object Repository/Rellenar_Formulario/Dia' is clicked on

2023-05-23 16:25:50 - [MESSAGE][PASSED] - Object: 'Object Repository/Rellenar_Formulario/Dia' is clicked on

2023-05-23 16:25:50 - [TEST_STEP][PASSED] - delay(DelayCorto): Delayed 1 second(s)

2023-05-23 16:25:51 - [MESSAGE][PASSED] - Delayed 1 second(s)

2023-05-23 16:25:51 - [TEST_STEP][PASSED] - verifyElementClickable(findTestObject("Rellenar_Formulario/Asunto"), CONTINUE_ON_FAILURE): Object 'Object Repository/Rellenar_Formulario/Asunto' is clickable

2023-05-23 16:25:51 - [MESSAGE][PASSED] - Object 'Object Repository/Rellenar_Formulario/Asunto' is clickable

2023-05-23 16:25:51 - [TEST_STEP][PASSED] - click(findTestObject("Rellenar_Formulario/Asunto")): Object: 'Object Repository/Rellenar_Formulario/Asunto' is clicked on

2023-05-23 16:25:52 - [MESSAGE][PASSED] - Object: 'Object Repository/Rellenar_Formulario/Asunto' is clicked on

2023-05-23 16:25:52 - [TEST_STEP][PASSED] - comment("No permite escribir en este elemento"): No permite escribir en este elemento

2023-05-23 16:25:53 - [MESSAGE][INFO] - No permite escribir en este elemento

2023-05-23 16:25:53 - [TEST_STEP][PASSED] - delay(1): Delayed 1 second(s)

2023-05-23 16:25:54 - [MESSAGE][PASSED] - Delayed 1 second(s)

2023-05-23 16:25:54 - [TEST_STEP][PASSED] - verifyElementClickable(findTestObject("Rellenar_Formulario/Sports"), CONTINUE_ON_FAILURE): Object 'Object Repository/Rellenar_Formulario/Sports' is clickable

2023-05-23 16:25:54 - [MESSAGE][PASSED] - Object 'Object Repository/Rellenar_Formulario/Sports' is clickable

2023-05-23 16:25:54 - [TEST_STEP][PASSED] - click(findTestObject("Rellenar_Formulario/Sports")): Object: 'Object Repository/Rellenar_Formulario/Sports' is clicked on

2023-05-23 16:25:55 - [MESSAGE][PASSED] - Object: 'Object Repository/Rellenar_Formulario/Sports' is clicked on

2023-05-23 16:25:55 - [TEST_STEP][PASSED] - delay(DelayCorto): Delayed 1 second(s)

2023-05-23 16:25:56 - [MESSAGE][PASSED] - Delayed 1 second(s)

2023-05-23 16:25:56 - [TEST_STEP][PASSED] - uploadFile(findTestObject("Rellenar_Formulario/Subir_Archivo"), "C:\Users\user\Katalon Studio\CursoKatalon-master\Imagenes\imagen1.png"): File 'C:\Users\user\Katalon Studio\CursoKatalon-master\Imagenes\imagen1.png' sent to object: 'Object Repository/Rellenar_Formulario/Subir_Archivo'

2023-05-23 16:25:57 - [MESSAGE][PASSED] - File 'C:\Users\user\Katalon Studio\CursoKatalon-master\Imagenes\imagen1.png' sent to object: 'Object Repository/Rellenar_Formulario/Subir_Archivo'

2023-05-23 16:25:57 - [TEST_STEP][PASSED] - scrollToElement(findTestObject("Rellenar_Formulario/Direccion"), 0): Scroll to object 'Object Repository/Rellenar_Formulario/Direccion' successfully

2023-05-23 16:25:58 - [MESSAGE][WARNING] - Timeout '0' is invalid. Using default page load timeout: '30'

2023-05-23 16:25:58 - [MESSAGE][PASSED] - Scroll to object 'Object Repository/Rellenar_Formulario/Direccion' successfully

2023-05-23 16:25:58 - [TEST_STEP][PASSED] - click(findTestObject("Rellenar_Formulario/Direccion")): Object: 'Object Repository/Rellenar_Formulario/Direccion' is clicked on

2023-05-23 16:25:59 - [MESSAGE][PASSED] - Object: 'Object Repository/Rellenar_Formulario/Direccion' is clicked on

2023-05-23 16:25:59 - [TEST_STEP][PASSED] - setText(findTestObject("Rellenar_Formulario/Direccion"), "Calle alfonso VII numero 7 3"): Text 'Calle alfonso VII numero 7 3' is set on object 'Object Repository/Rellenar_Formulario/Direccion'

2023-05-23 16:26:00 - [MESSAGE][PASSED] - Text 'Calle alfonso VII numero 7 3' is set on object 'Object Repository/Rellenar_Formulario/Direccion'

2023-05-23 16:26:00 - [TEST_STEP][PASSED] - closeBrowser(): Browser is closed

2023-05-23 16:26:02 - [MESSAGE][PASSED] - Browser is closed

2023-05-23 16:26:02 - [TEST_STEP][PASSED] - Start listener action : sampleAfterTestCase: null

2023-05-23 16:26:02 - [TEST_STEP][PASSED] - Start listener action : addFailedTCToList: com.kms.katalon.keyword.testsuite.RerunKeyword.isStringBelongToList is PASSED

2023-05-23 16:26:02 - [MESSAGE][PASSED] - com.kms.katalon.keyword.testsuite.RerunKeyword.isStringBelongToList is PASSED]]></system-out>
         <system-err><![CDATA[]]></system-err>
      </testcase>
      <testcase name="Test Cases/CursoKatalon/Variables_simples" time="39.223" classname="Test Cases/CursoKatalon/Variables_simples" status="PASSED">
         <system-out><![CDATA[2023-05-23 16:26:02 - [TEST_CASE][PASSED] - Test Cases/CursoKatalon/Variables_simples: Test Cases/CursoKatalon/Variables_simples

2023-05-23 16:26:03 - [TEST_STEP][PASSED] - Start listener action : executeRows: com.kms.katalon.keyword.testsuite.RerunKeyword.isStringBelongToList is PASSED

2023-05-23 16:26:03 - [MESSAGE][PASSED] - com.kms.katalon.keyword.testsuite.RerunKeyword.isStringBelongToList is PASSED

2023-05-23 16:26:07 - [TEST_STEP][PASSED] - openBrowser(""): Browser is opened with url: ''

2023-05-23 16:26:07 - [MESSAGE][INFO] - Starting 'Chrome' driver

2023-05-23 16:26:07 - [MESSAGE][INFO] - Action delay is set to 0 milliseconds

2023-05-23 16:26:10 - [MESSAGE][PASSED] - Browser is opened with url: ''

2023-05-23 16:26:10 - [TEST_STEP][PASSED] - maximizeWindow(): Current window maximized

2023-05-23 16:26:10 - [MESSAGE][PASSED] - Current window maximized

2023-05-23 16:26:10 - [TEST_STEP][PASSED] - navigateToUrl("https://demoqa.com/webtables"): Navigate to 'https://demoqa.com/webtables' successfully

2023-05-23 16:26:14 - [MESSAGE][PASSED] - Navigate to 'https://demoqa.com/webtables' successfully

2023-05-23 16:26:14 - [TEST_STEP][PASSED] - click(findTestObject("Object Repository/Variables_simples/Page_DEMOQA/button_Add")): Object: 'Object Repository/Variables_simples/Page_DEMOQA/button_Add' is clicked on

2023-05-23 16:26:16 - [MESSAGE][PASSED] - Object: 'Object Repository/Variables_simples/Page_DEMOQA/button_Add' is clicked on

2023-05-23 16:26:16 - [TEST_STEP][PASSED] - setText(findTestObject("Object Repository/Variables_simples/Page_DEMOQA/input_First Name_firstName"), Nombre): Text 'Alejandro' is set on object 'Object Repository/Variables_simples/Page_DEMOQA/input_First Name_firstName'

2023-05-23 16:26:18 - [MESSAGE][PASSED] - Text 'Alejandro' is set on object 'Object Repository/Variables_simples/Page_DEMOQA/input_First Name_firstName'

2023-05-23 16:26:18 - [TEST_STEP][PASSED] - setText(findTestObject("Object Repository/Variables_simples/Page_DEMOQA/input_Last Name_lastName"), Apellido): Text 'Canosa' is set on object 'Object Repository/Variables_simples/Page_DEMOQA/input_Last Name_lastName'

2023-05-23 16:26:19 - [MESSAGE][PASSED] - Text 'Canosa' is set on object 'Object Repository/Variables_simples/Page_DEMOQA/input_Last Name_lastName'

2023-05-23 16:26:19 - [TEST_STEP][PASSED] - setText(findTestObject("Object Repository/Variables_simples/Page_DEMOQA/input_Email_userEmail"), Email): Text 'canosa1@msn.com' is set on object 'Object Repository/Variables_simples/Page_DEMOQA/input_Email_userEmail'

2023-05-23 16:26:21 - [MESSAGE][PASSED] - Text 'canosa1@msn.com' is set on object 'Object Repository/Variables_simples/Page_DEMOQA/input_Email_userEmail'

2023-05-23 16:26:21 - [TEST_STEP][PASSED] - setText(findTestObject("Object Repository/Variables_simples/Page_DEMOQA/input_Age_age"), Edad): Text '45' is set on object 'Object Repository/Variables_simples/Page_DEMOQA/input_Age_age'

2023-05-23 16:26:23 - [MESSAGE][PASSED] - Text '45' is set on object 'Object Repository/Variables_simples/Page_DEMOQA/input_Age_age'

2023-05-23 16:26:23 - [TEST_STEP][PASSED] - setText(findTestObject("Object Repository/Variables_simples/Page_DEMOQA/input_Salary_salary"), Salario): Text '45000' is set on object 'Object Repository/Variables_simples/Page_DEMOQA/input_Salary_salary'

2023-05-23 16:26:25 - [MESSAGE][PASSED] - Text '45000' is set on object 'Object Repository/Variables_simples/Page_DEMOQA/input_Salary_salary'

2023-05-23 16:26:25 - [TEST_STEP][PASSED] - setText(findTestObject("Object Repository/Variables_simples/Page_DEMOQA/input_Department_department"), Departamento): Text 'QA' is set on object 'Object Repository/Variables_simples/Page_DEMOQA/input_Department_department'

2023-05-23 16:26:27 - [MESSAGE][PASSED] - Text 'QA' is set on object 'Object Repository/Variables_simples/Page_DEMOQA/input_Department_department'

2023-05-23 16:26:27 - [TEST_STEP][PASSED] - click(findTestObject("Object Repository/Variables_simples/Page_DEMOQA/button_Submit")): Object: 'Object Repository/Variables_simples/Page_DEMOQA/button_Submit' is clicked on

2023-05-23 16:26:28 - [MESSAGE][PASSED] - Object: 'Object Repository/Variables_simples/Page_DEMOQA/button_Submit' is clicked on

2023-05-23 16:26:28 - [TEST_STEP][PASSED] - setText(findTestObject("Object Repository/Variables_simples/Page_DEMOQA/input_Add_searchBox"), TextoaBuscar): Text 'Alejandro' is set on object 'Object Repository/Variables_simples/Page_DEMOQA/input_Add_searchBox'

2023-05-23 16:26:33 - [MESSAGE][PASSED] - Text 'Alejandro' is set on object 'Object Repository/Variables_simples/Page_DEMOQA/input_Add_searchBox'

2023-05-23 16:26:33 - [TEST_STEP][PASSED] - click(findTestObject("Object Repository/Variables_simples/Page_DEMOQA/svg")): Object: 'Object Repository/Variables_simples/Page_DEMOQA/svg' is clicked on

2023-05-23 16:26:35 - [MESSAGE][PASSED] - Object: 'Object Repository/Variables_simples/Page_DEMOQA/svg' is clicked on

2023-05-23 16:26:35 - [TEST_STEP][PASSED] - textoBuscado = getText(findTestObject("Object Repository/Variables_simples/Page_DEMOQA/div_alejandro"), CONTINUE_ON_FAILURE): Text of object 'Object Repository/Variables_simples/Page_DEMOQA/div_alejandro' is: 'Alejandro'

2023-05-23 16:26:37 - [MESSAGE][PASSED] - Text of object 'Object Repository/Variables_simples/Page_DEMOQA/div_alejandro' is: 'Alejandro'

2023-05-23 16:26:37 - [TEST_STEP][PASSED] - delay(DelayCorto): Delayed 1 second(s)

2023-05-23 16:26:38 - [MESSAGE][PASSED] - Delayed 1 second(s)

2023-05-23 16:26:38 - [TEST_STEP][PASSED] - verifyMatch(TextoaBuscar, "Alejandro", true): Actual text 'Alejandro' and expected text 'Alejandro' are matched  using regular expression

2023-05-23 16:26:38 - [MESSAGE][PASSED] - Actual text 'Alejandro' and expected text 'Alejandro' are matched  using regular expression

2023-05-23 16:26:38 - [TEST_STEP][PASSED] - closeBrowser(): Browser is closed

2023-05-23 16:26:41 - [MESSAGE][PASSED] - Browser is closed

2023-05-23 16:26:41 - [TEST_STEP][PASSED] - Start listener action : sampleAfterTestCase: null

2023-05-23 16:26:41 - [TEST_STEP][PASSED] - Start listener action : addFailedTCToList: com.kms.katalon.keyword.testsuite.RerunKeyword.isStringBelongToList is PASSED

2023-05-23 16:26:41 - [MESSAGE][PASSED] - com.kms.katalon.keyword.testsuite.RerunKeyword.isStringBelongToList is PASSED]]></system-out>
         <system-err><![CDATA[]]></system-err>
      </testcase>
      <testcase name="Test Cases/CursoKatalon/Test_TakeShoot" time="38.857" classname="Test Cases/CursoKatalon/Test_TakeShoot" status="PASSED">
         <system-out><![CDATA[2023-05-23 16:26:41 - [TEST_CASE][PASSED] - Test Cases/CursoKatalon/Test_TakeShoot: Test Cases/CursoKatalon/Test_TakeShoot

2023-05-23 16:26:41 - [TEST_STEP][PASSED] - Start listener action : executeRows: com.kms.katalon.keyword.testsuite.RerunKeyword.isStringBelongToList is PASSED

2023-05-23 16:26:41 - [MESSAGE][PASSED] - com.kms.katalon.keyword.testsuite.RerunKeyword.isStringBelongToList is PASSED

2023-05-23 16:26:44 - [TEST_STEP][PASSED] - openBrowser(""): Browser is opened with url: ''

2023-05-23 16:26:45 - [MESSAGE][INFO] - Starting 'Chrome' driver

2023-05-23 16:26:45 - [MESSAGE][INFO] - Action delay is set to 0 milliseconds

2023-05-23 16:26:48 - [MESSAGE][PASSED] - Browser is opened with url: ''

2023-05-23 16:26:48 - [TEST_STEP][PASSED] - navigateToUrl("https://demoqa.com/text-box"): Navigate to 'https://demoqa.com/text-box' successfully

2023-05-23 16:26:53 - [MESSAGE][PASSED] - Navigate to 'https://demoqa.com/text-box' successfully

2023-05-23 16:26:53 - [TEST_STEP][PASSED] - maximizeWindow(): Current window maximized

2023-05-23 16:26:53 - [MESSAGE][PASSED] - Current window maximized

2023-05-23 16:26:53 - [TEST_STEP][PASSED] - setText(findTestObject("Object Repository/Test_TakeShoot/Page_DEMOQA/input_Full Name_userName"), "alejandro"): Text 'alejandro' is set on object 'Object Repository/Test_TakeShoot/Page_DEMOQA/input_Full Name_userName'

2023-05-23 16:26:55 - [MESSAGE][PASSED] - Text 'alejandro' is set on object 'Object Repository/Test_TakeShoot/Page_DEMOQA/input_Full Name_userName'

2023-05-23 16:26:55 - [TEST_STEP][PASSED] - waitForElementClickable(findTestObject("Test_TakeShoot/Page_DEMOQA/input_Full Name_userName"), 10): Object 'Object Repository/Test_TakeShoot/Page_DEMOQA/input_Full Name_userName' is clickable

2023-05-23 16:26:56 - [MESSAGE][PASSED] - Object 'Object Repository/Test_TakeShoot/Page_DEMOQA/input_Full Name_userName' is clickable

2023-05-23 16:26:56 - [TEST_STEP][PASSED] - setText(findTestObject("Object Repository/Test_TakeShoot/Page_DEMOQA/input_Email_userEmail"), "canosa1@msn.com"): Text 'canosa1@msn.com' is set on object 'Object Repository/Test_TakeShoot/Page_DEMOQA/input_Email_userEmail'

2023-05-23 16:26:58 - [MESSAGE][PASSED] - Text 'canosa1@msn.com' is set on object 'Object Repository/Test_TakeShoot/Page_DEMOQA/input_Email_userEmail'

2023-05-23 16:26:58 - [TEST_STEP][PASSED] - waitForElementClickable(findTestObject("Test_TakeShoot/Page_DEMOQA/input_Email_userEmail"), 10): Object 'Object Repository/Test_TakeShoot/Page_DEMOQA/input_Email_userEmail' is clickable

2023-05-23 16:27:00 - [MESSAGE][PASSED] - Object 'Object Repository/Test_TakeShoot/Page_DEMOQA/input_Email_userEmail' is clickable

2023-05-23 16:27:00 - [TEST_STEP][PASSED] - setText(findTestObject("Object Repository/Test_TakeShoot/Page_DEMOQA/textarea_Current Address_currentAddress"), "calle doctor esquerdo 56"): Text 'calle doctor esquerdo 56' is set on object 'Object Repository/Test_TakeShoot/Page_DEMOQA/textarea_Current Address_currentAddress'

2023-05-23 16:27:02 - [MESSAGE][PASSED] - Text 'calle doctor esquerdo 56' is set on object 'Object Repository/Test_TakeShoot/Page_DEMOQA/textarea_Current Address_currentAddress'

2023-05-23 16:27:02 - [TEST_STEP][PASSED] - waitForElementClickable(findTestObject("Test_TakeShoot/Page_DEMOQA/textarea_Current Address_currentAddress"), 0): Object 'Object Repository/Test_TakeShoot/Page_DEMOQA/textarea_Current Address_currentAddress' is clickable

2023-05-23 16:27:03 - [MESSAGE][WARNING] - Timeout '0' is invalid. Using default page load timeout: '30'

2023-05-23 16:27:03 - [MESSAGE][PASSED] - Object 'Object Repository/Test_TakeShoot/Page_DEMOQA/textarea_Current Address_currentAddress' is clickable

2023-05-23 16:27:03 - [TEST_STEP][PASSED] - setText(findTestObject("Object Repository/Test_TakeShoot/Page_DEMOQA/textarea_Permanent Address_permanentAddress"), "calle doctor esquerdo 67"): Text 'calle doctor esquerdo 67' is set on object 'Object Repository/Test_TakeShoot/Page_DEMOQA/textarea_Permanent Address_permanentAddress'

2023-05-23 16:27:06 - [MESSAGE][PASSED] - Text 'calle doctor esquerdo 67' is set on object 'Object Repository/Test_TakeShoot/Page_DEMOQA/textarea_Permanent Address_permanentAddress'

2023-05-23 16:27:06 - [TEST_STEP][PASSED] - waitForElementClickable(findTestObject("Test_TakeShoot/Page_DEMOQA/textarea_Permanent Address_permanentAddress"), 0): Object 'Object Repository/Test_TakeShoot/Page_DEMOQA/textarea_Permanent Address_permanentAddress' is clickable

2023-05-23 16:27:07 - [MESSAGE][WARNING] - Timeout '0' is invalid. Using default page load timeout: '30'

2023-05-23 16:27:09 - [MESSAGE][PASSED] - Object 'Object Repository/Test_TakeShoot/Page_DEMOQA/textarea_Permanent Address_permanentAddress' is clickable

2023-05-23 16:27:09 - [TEST_STEP][PASSED] - scrollToElement(findTestObject("Object Repository/Test_TakeShoot/Page_DEMOQA/button_Submit"), 0): Scroll to object 'Object Repository/Test_TakeShoot/Page_DEMOQA/button_Submit' successfully

2023-05-23 16:27:10 - [MESSAGE][WARNING] - Timeout '0' is invalid. Using default page load timeout: '30'

2023-05-23 16:27:11 - [MESSAGE][PASSED] - Scroll to object 'Object Repository/Test_TakeShoot/Page_DEMOQA/button_Submit' successfully

2023-05-23 16:27:11 - [TEST_STEP][PASSED] - waitForElementClickable(findTestObject("Test_TakeShoot/Page_DEMOQA/button_Submit"), 0): Object 'Object Repository/Test_TakeShoot/Page_DEMOQA/button_Submit' is clickable

2023-05-23 16:27:12 - [MESSAGE][WARNING] - Timeout '0' is invalid. Using default page load timeout: '30'

2023-05-23 16:27:13 - [MESSAGE][PASSED] - Object 'Object Repository/Test_TakeShoot/Page_DEMOQA/button_Submit' is clickable

2023-05-23 16:27:13 - [TEST_STEP][PASSED] - click(findTestObject("Object Repository/Test_TakeShoot/Page_DEMOQA/button_Submit")): Object: 'Object Repository/Test_TakeShoot/Page_DEMOQA/button_Submit' is clicked on

2023-05-23 16:27:15 - [MESSAGE][PASSED] - Object: 'Object Repository/Test_TakeShoot/Page_DEMOQA/button_Submit' is clicked on

2023-05-23 16:27:15 - [TEST_STEP][PASSED] - verifyElementVisible(findTestObject("Object Repository/Test_TakeShoot/Page_DEMOQA/div_NamealejandroEmailcanosa1msn.comCurrent_59e2b2")): Object 'Object Repository/Test_TakeShoot/Page_DEMOQA/div_NamealejandroEmailcanosa1msn.comCurrent_59e2b2' is visible

2023-05-23 16:27:17 - [MESSAGE][PASSED] - Object 'Object Repository/Test_TakeShoot/Page_DEMOQA/div_NamealejandroEmailcanosa1msn.comCurrent_59e2b2' is visible

2023-05-23 16:27:17 - [TEST_STEP][PASSED] - takeScreenshot("C:\Users\user\Katalon Studio\CursoKatalon-master\Imagenes\imagen1.png"): Taking screenshot successfully

2023-05-23 16:27:18 - [MESSAGE][PASSED] - Taking screenshot successfully
[[ATTACHMENT|C:\Users\user\Katalon Studio\CursoKatalon-master\Imagenes\imagen1.png]]

2023-05-23 16:27:18 - [TEST_STEP][PASSED] - closeBrowser(): Browser is closed

2023-05-23 16:27:20 - [MESSAGE][PASSED] - Browser is closed

2023-05-23 16:27:20 - [TEST_STEP][PASSED] - Start listener action : sampleAfterTestCase: null

2023-05-23 16:27:20 - [TEST_STEP][PASSED] - Start listener action : addFailedTCToList: com.kms.katalon.keyword.testsuite.RerunKeyword.isStringBelongToList is PASSED

2023-05-23 16:27:20 - [MESSAGE][PASSED] - com.kms.katalon.keyword.testsuite.RerunKeyword.isStringBelongToList is PASSED]]></system-out>
         <system-err><![CDATA[]]></system-err>
      </testcase>
      <system-out><![CDATA[2023-05-23 16:24:37 - [TEST_SUITE][PASSED] - Suites_Curso_Katalon_parte2: Test Cases/CursoKatalon/Test_TakeShoot]]></system-out>
      <system-err><![CDATA[]]></system-err>
   </testsuite>
</testsuites>
